[2015.10.21-17.26.34:305][  0]Log file open, 10/21/15 20:26:34
[2015.10.21-17.26.34:305][  0]LogInit:Display: Running engine for game: TwinStickShooter
[2015.10.21-17.26.34:305][  0]LogInit:Display: RandInit(-22337836) SRandInit(-22337835).
[2015.10.21-17.26.34:305][  0]LogTaskGraph: Started task graph with 4 named threads and 5 total threads.
[2015.10.21-17.26.34:305][  0]LogStats: Stats thread started at 0.099599
[2015.10.21-17.26.34:305][  0]LogInit: Version: 4.9.0-2672455+++depot+UE4-Releases+4.9
[2015.10.21-17.26.34:305][  0]LogInit: API Version: 2672455
[2015.10.21-17.26.34:305][  0]LogInit: Compiled (64-bit): Aug 28 2015 12:33:01
[2015.10.21-17.26.34:305][  0]LogInit: Compiled with Visual C++: 18.00.21005.01
[2015.10.21-17.26.34:305][  0]LogInit: Build Configuration: Development
[2015.10.21-17.26.34:305][  0]LogInit: Branch Name: ++depot+UE4-Releases+4.9
[2015.10.21-17.26.34:305][  0]LogInit: Command line: 
[2015.10.21-17.26.34:305][  0]LogInit: Base directory: C:/Program Files/Epic Games/4.9/Engine/Binaries/Win64/
[2015.10.21-17.26.34:305][  0]LogInit: Rocket: 1
[2015.10.21-17.26.34:324][  0]LogInit: Using libcurl 7.41.0
[2015.10.21-17.26.34:324][  0]LogInit:  - built for x86_64-pc-win32
[2015.10.21-17.26.34:324][  0]LogInit:  - supports SSL with WinSSL
[2015.10.21-17.26.34:324][  0]LogInit:  - other features:
[2015.10.21-17.26.34:324][  0]LogInit:      CURL_VERSION_SSL
[2015.10.21-17.26.34:324][  0]LogInit:      CURL_VERSION_IPV6
[2015.10.21-17.26.34:324][  0]LogInit:      CURL_VERSION_ASYNCHDNS
[2015.10.21-17.26.34:324][  0]LogInit:      CURL_VERSION_LARGEFILE
[2015.10.21-17.26.34:324][  0]LogInit:      CURL_VERSION_IDN
[2015.10.21-17.26.34:324][  0]LogInit:  CurlRequestOptions (configurable via config and command line):
[2015.10.21-17.26.34:324][  0]LogInit:  - bVerifyPeer = true  - Libcurl will verify peer certificate
[2015.10.21-17.26.34:324][  0]LogInit:  - bUseHttpProxy = false  - Libcurl will NOT use HTTP proxy
[2015.10.21-17.26.34:324][  0]LogInit:  - bDontReuseConnections = false  - Libcurl will reuse connections
[2015.10.21-17.26.34:324][  0]LogInit:  - CertBundlePath = nullptr  - Libcurl will use whatever was configured at build time.
[2015.10.21-17.26.34:346][  0]LogInit: Presizing for 0 objects not considered by GC, pre-allocating 0 bytes.
[2015.10.21-17.26.34:362][  0]LogInit: Object subsystem initialized
[2015.10.21-17.26.34:365][  0]LogInit: Selected Device Profile: [Windows]
[2015.10.21-17.26.34:365][  0]LogInit: Applying CVar settings loaded from the selected device profile: [Windows]
[2015.10.21-17.26.34:617][  0]LogInit: Computer: THEPROTO
[2015.10.21-17.26.34:617][  0]LogInit: User: Nikolai
[2015.10.21-17.26.34:617][  0]LogInit: CPU Page size=4096, Cores=2
[2015.10.21-17.26.34:617][  0]LogInit: High frequency timer resolution =2.630739 MHz
[2015.10.21-17.26.34:617][  0]LogMemory: Memory total: Physical=3.9GB (4GB approx)
[2015.10.21-17.26.34:617][  0]LogMemory: Platform Memory Stats for Windows
[2015.10.21-17.26.34:617][  0]LogMemory: Process Physical Memory: 51.99 MB used, 51.99 MB peak
[2015.10.21-17.26.34:617][  0]LogMemory: Process Virtual Memory: 56.93 MB used, 56.93 MB peak
[2015.10.21-17.26.34:617][  0]LogMemory: Physical Memory: 3121.94 MB used, 4044.71 MB total
[2015.10.21-17.26.34:617][  0]LogMemory: Virtual Memory: 346.99 MB used, 134217728.00 MB total
[2015.10.21-17.26.34:657][  0]LogTextLocalizationManager: No translations for ('bg-BG') exist, falling back to 'en' for localization and internationalization data.
[2015.10.21-17.26.37:507][  0]LogD3D11RHI: Found D3D11 adapter 0: AMD Radeon R7 200 Series (Feature Level 11_0)
[2015.10.21-17.26.37:507][  0]LogD3D11RHI: Adapter has 2027MB of dedicated video memory, 0MB of dedicated system memory, and 1792MB of shared system memory, 1 output[s]
[2015.10.21-17.26.37:508][  0]LogD3D11RHI: Found D3D11 adapter 1: Microsoft Basic Render Driver (Feature Level 11_0)
[2015.10.21-17.26.37:508][  0]LogD3D11RHI: Adapter has 0MB of dedicated video memory, 0MB of dedicated system memory, and 256MB of shared system memory, 0 output[s]
[2015.10.21-17.26.37:509][  0]LogD3D11RHI: Chosen D3D11 Adapter Id = 0
[2015.10.21-17.26.37:518][  0]LogD3D11RHI: !Direct3DDevice
[2015.10.21-17.26.37:518][  0]LogRHI: Texture pool is 1361 MB (70% of 1945 MB)
[2015.10.21-17.26.37:527][  0]LogD3D11RHI: Async texture creation disabled: no driver support
[2015.10.21-17.26.37:557][  0]LogShaderCompilers: Guid format shader working directory is 15 characters bigger than the processId version (../../../../../../Users/Nikolai/Documents/Unreal Projects/TwinStickShooter/Intermediate/Shaders/WorkingDirectory/6356/).
[2015.10.21-17.26.37:952][  0]LogShaderCompilers: Cleaned the shader compiler working directory '../../../../../../Users/Nikolai/Documents/Unreal Projects/TwinStickShooter/Intermediate/Shaders/tmp/895C501E4BFF63CD7B322EB5F80D0CA7/'.
[2015.10.21-17.26.37:952][  0]LogShaderCompilers:Display: Using Local Shader Compiler.
[2015.10.21-17.26.41:741][  0]LogTemp:Display: Loaded TP AllDesktopTargetPlatform
[2015.10.21-17.26.41:759][  0]LogTemp:Display: Loaded TP WindowsClientTargetPlatform
[2015.10.21-17.26.41:787][  0]LogTemp:Display: Loaded TP WindowsNoEditorTargetPlatform
[2015.10.21-17.26.41:797][  0]LogTemp:Display: Loaded TP WindowsServerTargetPlatform
[2015.10.21-17.26.41:806][  0]LogTemp:Display: Loaded TP WindowsTargetPlatform
[2015.10.21-17.26.41:812][  0]LogTemp:Display: Loaded TP AndroidTargetPlatform
[2015.10.21-17.26.41:819][  0]LogTemp:Display: Loaded TP Android_ASTCTargetPlatform
[2015.10.21-17.26.41:824][  0]LogTemp:Display: Loaded TP Android_ATCTargetPlatform
[2015.10.21-17.26.41:832][  0]LogTemp:Display: Loaded TP Android_DXTTargetPlatform
[2015.10.21-17.26.41:837][  0]LogTemp:Display: Loaded TP Android_ETC1TargetPlatform
[2015.10.21-17.26.41:843][  0]LogTemp:Display: Loaded TP Android_ETC2TargetPlatform
[2015.10.21-17.26.41:855][  0]LogTemp:Display: Loaded TP Android_PVRTCTargetPlatform
[2015.10.21-17.26.41:856][  0]LogTemp:Display: Loaded TP HTML5TargetPlatform
[2015.10.21-17.26.41:902][  0]LogTemp:Display: Loaded TP IOSTargetPlatform
[2015.10.21-17.26.41:910][  0]LogTemp:Display: Loaded TP LinuxNoEditorTargetPlatform
[2015.10.21-17.26.41:923][  0]LogTemp:Display: Loaded TP LinuxServerTargetPlatform
[2015.10.21-17.26.41:928][  0]LogTemp:Display: Loaded TP LinuxTargetPlatform
[2015.10.21-17.26.41:928][  0]LogTargetPlatformManager:Display: Building Assets For Windows
[2015.10.21-17.26.42:227][  0]LogDerivedDataCache:Display: Max Cache Size: 512 MB
[2015.10.21-17.26.42:438][  0]LogDerivedDataCache: Loaded boot cache 0.21s 41MB C:/Users/Nikolai/AppData/Local/UnrealEngine/4.9/DerivedDataCache/Boot.ddc.
[2015.10.21-17.26.42:438][  0]LogDerivedDataCache:Display: Loaded Boot cache: C:/Users/Nikolai/AppData/Local/UnrealEngine/4.9/DerivedDataCache/Boot.ddc
[2015.10.21-17.26.42:438][  0]LogDerivedDataCache: FDerivedDataBackendGraph:  Pak pak cache file ../../../../../../Users/Nikolai/Documents/Unreal Projects/TwinStickShooter/DerivedDataCache/DDC.ddp not found, will not use a pak cache.
[2015.10.21-17.26.42:438][  0]LogDerivedDataCache: Unable to find inner node Pak for hierarchical cache Hierarchy.
[2015.10.21-17.26.42:438][  0]LogDerivedDataCache: FDerivedDataBackendGraph:  CompressedPak pak cache file ../../../../../../Users/Nikolai/Documents/Unreal Projects/TwinStickShooter/DerivedDataCache/Compressed.ddp not found, will not use a pak cache.
[2015.10.21-17.26.42:438][  0]LogDerivedDataCache: Unable to find inner node CompressedPak for hierarchical cache Hierarchy.
[2015.10.21-17.26.42:781][  0]LogDerivedDataCache:Display: Pak cache opened for reading ../../../Engine/DerivedDataCache/Compressed.ddp.
[2015.10.21-17.26.42:793][  0]LogDerivedDataCache: Using Local data cache path C:/Users/Nikolai/AppData/Local/UnrealEngine/Common/DerivedDataCache: Writable
[2015.10.21-17.26.43:417][  0]LogInit: Selected Device Profile: [Windows]
[2015.10.21-17.26.43:425][  0]LogContentStreaming: Texture pool size is 0.000000MB
[2015.10.21-17.26.43:751][  0]LogMeshUtilities: No automatic mesh reduction module available
[2015.10.21-17.26.43:752][  0]LogMeshUtilities: No automatic mesh merging module available
[2015.10.21-17.26.44:648][  0]LogInit: WinSock: version 1.1 (2.2), MaxSocks=32767, MaxUdp=65467
[2015.10.21-17.26.52:599][  0]UdpMessaging: Initializing bridge on interface 0.0.0.0:0 to multicast group 230.0.0.1:6666.
[2015.10.21-17.26.57:832][  0]LogAssetRegistry: FAssetRegistry took 0.0114 seconds to start up
[2015.10.21-17.26.58:311][  0]SourceControl: Info Source control is disabled
[2015.10.21-17.26.58:312][  0]SourceControl: Info Source control is disabled
[2015.10.21-17.26.58:337][  0]SourceControl: Info Source control is disabled
[2015.10.21-17.26.58:378][  0]SourceControl: Info Source control is disabled
[2015.10.21-17.27.06:432][  0]LogLinker:Warning: Asset '../../../Engine/Plugins/Runtime/LeapMotionController/Content/LM_PassthroughMaterial.uasset' has been saved with empty engine version. The asset will be loaded but may be incompatible.
[2015.10.21-17.27.06:710][  0]LogObj: 28361 objects as part of root set at end of initial load.
[2015.10.21-17.27.06:710][  0]LogUObjectAllocator: 6038872 out of 0 bytes used by permanent object pool.
[2015.10.21-17.27.06:991][  0]LogEngine: Initializing Engine...
[2015.10.21-17.27.06:995][  0]LogHMD: Can't find Oculus library dev build: is proper Runtime installed? Version: 0.6.0.0
[2015.10.21-17.27.06:995][  0]LogHMD: SteamVR failed to initialize.  Err: 110
[2015.10.21-17.27.07:297][  0]LogAIModule: Creating AISystem for world NewWorld
[2015.10.21-17.27.07:304][  0]LogInit: XAudio2 using 'Speakers (High Definition Audio Device)' : 2 channels at 48 kHz using 32 bits per sample (channel mask 0x3)
[2015.10.21-17.27.07:663][  0]LogInit: FAudioDevice initialized.
[2015.10.21-17.27.07:805][  0]LogDerivedDataCache: Saved boot cache 0.14s 41MB C:/Users/Nikolai/AppData/Local/UnrealEngine/4.9/DerivedDataCache/Boot.ddc.
[2015.10.21-17.27.07:822][  0]LogInit: Texture streaming: Enabled
[2015.10.21-17.27.07:832][  0]LogAnalytics: Creating configured Analytics provider AnalyticsET
[2015.10.21-17.27.07:832][  0]LogAnalytics: [UEEditor.Rocket.Release] APIServer = http://et2.epicgames.com/ET2/. AppVersion = 4.9.0-2672455+++depot+UE4-Releases+4.9
[2015.10.21-17.27.07:832][  0]LogAnalytics: [UEEditor.Rocket.Release] SetUserId 53f6fc274a2158c2f1746fa617a06228|6e4a51694ea9490fbeb018a9c89f70b0|fd8891bc-30c8-439a-9b49-a1618c91fbf9
[2015.10.21-17.27.07:832][  0]LogAnalytics: [UEEditor.Rocket.Release] AnalyticsET::StartSession
[2015.10.21-17.27.07:903][  0]LogInit: Transaction tracking system initialized
[2015.10.21-17.27.07:982][  0]BlueprintLog: New page: Editor Load
[2015.10.21-17.27.08:449][  0]LocalizationService: Info Localization service is disabled
[2015.10.21-17.27.08:983][  0]LogConsoleResponse:Display: 
[2015.10.21-17.27.10:326][  0]LogCook:Display: Done creating registry. It took  0.00s.
[2015.10.21-17.27.11:730][  0]LogFileCache: Scanning file cache for directory 'C:/Users/Nikolai/Documents/Unreal Projects/TwinStickShooter/Content/' took 1.70s
[2015.10.21-17.27.11:745][  0]SourceControl: Info Source control is disabled
[2015.10.21-17.27.11:745][  0]Cmd: MAP LOAD FILE="../../../../../../Users/Nikolai/Documents/Unreal Projects/TwinStickShooter/Content/StarterContent/Maps/Minimal_Default.umap" TEMPLATE=0 SHOWPROGRESS=1 FEATURELEVEL=3
[2015.10.21-17.27.11:798][  0]LightingResults: New page: Lighting Build
[2015.10.21-17.27.11:806][  0]MapCheck: New page: Map Check
[2015.10.21-17.27.11:806][  0]LightingResults: New page: Lighting Build
[2015.10.21-17.27.11:842][  0]LogParticles: Destroying 0 GPU particle simulations for FXSystem 0x000000E390D16160
[2015.10.21-17.27.20:097][  0]LogAIModule: Creating AISystem for world Minimal_Default
[2015.10.21-17.27.20:359][  0]LogEditorServer: Finished looking for orphan Actors (0.000 secs)
[2015.10.21-17.27.20:428][  0]Cmd: MAP CHECKDEP NOCLEARLOG
[2015.10.21-17.27.20:660][  0]MapCheck: Info Map check complete: 0 Error(s), 0 Warning(s), took 232.183ms to complete.
[2015.10.21-17.27.20:697][  0]LogFileHelpers: Loading map 'Minimal_Default' took 8.952
[2015.10.21-17.27.23:180][  0]LogCollectionManager: Loaded 0 collections in 0.055154 seconds
[2015.10.21-17.27.24:498][  0]LogFileCache: Scanning file cache for directory 'C:/Users/Nikolai/Documents/Unreal Projects/TwinStickShooter/Saved/Collections/' took 0.01s
[2015.10.21-17.27.24:498][  0]LogFileCache: Scanning file cache for directory 'C:/Users/Nikolai/Documents/Unreal Projects/TwinStickShooter/Content/Developers/Nikolai/Collections/' took 0.01s
[2015.10.21-17.27.24:498][  0]LogFileCache: Scanning file cache for directory 'C:/Users/Nikolai/Documents/Unreal Projects/TwinStickShooter/Content/Collections/' took 0.01s
[2015.10.21-17.27.24:498][  0]LogContentBrowser: Native class hierarchy populated in 0.1349 seconds. Added 1867 classes and 333 folders.
[2015.10.21-17.27.25:508][  0]LogCollectionManager: Rebuilt the GUID cache for 0 collections in 0.000003 seconds
[2015.10.21-17.27.26:525][  0]LogContentBrowser: Native class hierarchy updated for 'WidgetCarousel' in 0.0029 seconds. Added 0 classes and 0 folders.
[2015.10.21-17.27.32:394][  0]LogContentBrowser: Native class hierarchy updated for 'AddContentDialog' in 0.0015 seconds. Added 0 classes and 0 folders.
[2015.10.21-17.27.34:821][  0]LogContentBrowser: Native class hierarchy updated for 'SceneOutliner' in 0.0006 seconds. Added 1 classes and 2 folders.
[2015.10.21-17.27.37:022][  0]LogCrashTracker: Crashtracker disabled due to settings.
[2015.10.21-17.27.37:898][  0]LogUObjectGlobals:Warning: Failed to find object 'Class None.'
[2015.10.21-17.27.38:078][  0]LogLoad: Full Startup: 73.83 seconds (BP compile: 0.16 seconds)
[2015.10.21-17.27.41:817][  0]LogContentStreaming: Texture pool size now 1000 MB
[2015.10.21-17.27.46:426][  0]LogRenderer: Reallocating scene render targets to support 772x612 (Frame:2).
[2015.10.21-17.27.53:395][  7]LogAssetRegistry: Asset discovery search completed in 55.5741 seconds
[2015.10.21-17.27.53:395][  7]LogCollectionManager: Rebuilt the object cache for 0 collections in 0.000002 seconds (found 0 objects)
[2015.10.21-17.27.53:395][  7]LogCollectionManager: Fixed up redirectors for 0 collections in 0.000031 seconds (updated 0 objects)
[2015.10.21-19.03.11:362][733]LogWindowsTextInputMethodSystem:Display: IME system now deactivated.
[2015.10.21-19.03.13:959][733]LogWindowsTextInputMethodSystem:Display: IME system now deactivated.
[2015.10.21-19.50.15:759][236]LogWindowsTextInputMethodSystem:Display: IME system now deactivated.
[2015.10.21-19.50.15:760][236]LogWindowsTextInputMethodSystem:Display: IME system now deactivated.
[2015.10.21-19.50.57:313][341]Running C:/Program Files/Epic Games/4.9/Engine/Binaries/DotNET/UnrealBuildTool.exe  -projectfiles -project="C:/Users/Nikolai/Documents/Unreal Projects/TwinStickShooter/TwinStickShooter.uproject" -game -rocket -progress
[2015.10.21-19.51.03:536][341]Discovering modules, targets and source code for game...
[2015.10.21-19.51.39:690][341]LogHotReload: Recompiling module TwinStickShooter...
[2015.10.21-19.51.40:053][341]LogVSAccessor:Warning: Couldn't access Visual Studio
[2015.10.21-19.51.42:066][341]Recompiling TwinStickShooter...
[2015.10.21-19.51.42:180][341]Launching UnrealBuildTool... [C:/Program Files/Epic Games/4.9/Engine/Binaries/DotNET/UnrealBuildTool.exe TwinStickShooter -Module TwinStickShooter Win64 Development -editorrecompile -canskiplink "C:/Users/Nikolai/Documents/Unreal Projects/TwinStickShooter/TwinStickShooter.uproject" -rocket  -rocket]
[2015.10.21-19.57.06:227][341]Performing full C++ include scan (hot reloading a new target)
Creating makefile for hot reloading TwinStickShooter (no existing makefile)
Compiling game modules for hot reload
Parsing headers for TwinStickShooterEditor
  Running UnrealHeaderTool "C:/Users/Nikolai/Documents/Unreal Projects/TwinStickShooter/TwinStickShooter.uproject" "C:\Users\Nikolai\Documents\Unreal Projects\TwinStickShooter\Intermediate\Build\Win64\TwinStickShooterEditor\Development\UnrealHeaderTool.manifest" -LogCmds="loginit warning, logexit warning, logdatabase error" -rocket -installed
Reflection code generated for TwinStickShooterEditor in 45,6509075 seconds
Performing 7 actions (2 in parallel)
[2/7] Resource PCLaunch.rc
PCH.TwinStickShooter.h.cpp
[3/7] Resource ModuleVersionResource.rc.inl
TwinStickShooter.cpp
TwinStickShooter.generated.cpp
BaseCharacter.cpp
[7/7] Link UE4Editor-TwinStickShooter.dll
   Creating library C:\Users\Nikolai\Documents\Unreal Projects\TwinStickShooter\Intermediate/Build/Win64\UE4Editor\Development\UE4Editor-TwinStickShooter.lib and object C:\Users\Nikolai\Documents\Unreal Projects\TwinStickShooter\Intermediate/Build/Win64\UE4Editor\Development\UE4Editor-TwinStickShooter.exp
-------- End Detailed Actions Stats -----------------------------------------------------------
Total build time: 323,89 seconds

[2015.10.21-19.57.06:834][341]CompilerResultsLog: New page: Compilation - Oct 22, 2015, 1:57:06 AM
[2015.10.21-19.57.07:659][341]CompilerResultsLog: Info Performing full C++ include scan (hot reloading a new target)
[2015.10.21-19.57.07:659][341]CompilerResultsLog: Info Creating makefile for hot reloading TwinStickShooter (no existing makefile)
[2015.10.21-19.57.07:659][341]CompilerResultsLog: Info Compiling game modules for hot reload
[2015.10.21-19.57.07:659][341]CompilerResultsLog: Info Parsing headers for TwinStickShooterEditor
[2015.10.21-19.57.07:659][341]CompilerResultsLog: Info   Running UnrealHeaderTool "C:/Users/Nikolai/Documents/Unreal Projects/TwinStickShooter/TwinStickShooter.uproject" "C:\Users\Nikolai\Documents\Unreal Projects\TwinStickShooter\Intermediate\Build\Win64\TwinStickShooterEditor\Development\UnrealHeaderTool.manifest" -LogCmds="loginit warning, logexit warning, logdatabase error" -rocket -installed
[2015.10.21-19.57.07:659][341]CompilerResultsLog: Info Reflection code generated for TwinStickShooterEditor in 45,6509075 seconds
[2015.10.21-19.57.07:659][341]CompilerResultsLog: Info Performing 7 actions (2 in parallel)
[2015.10.21-19.57.07:659][341]CompilerResultsLog: Info [2/7] Resource PCLaunch.rc
[2015.10.21-19.57.07:659][341]CompilerResultsLog: Info PCH.TwinStickShooter.h.cpp
[2015.10.21-19.57.07:659][341]CompilerResultsLog: Info [3/7] Resource ModuleVersionResource.rc.inl
[2015.10.21-19.57.07:659][341]CompilerResultsLog: Info TwinStickShooter.cpp
[2015.10.21-19.57.07:659][341]CompilerResultsLog: Info TwinStickShooter.generated.cpp
[2015.10.21-19.57.07:659][341]CompilerResultsLog: Info BaseCharacter.cpp
[2015.10.21-19.57.07:659][341]CompilerResultsLog: Info [7/7] Link UE4Editor-TwinStickShooter.dll
[2015.10.21-19.57.07:659][341]CompilerResultsLog: Info    Creating library C:\Users\Nikolai\Documents\Unreal Projects\TwinStickShooter\Intermediate/Build/Win64\UE4Editor\Development\UE4Editor-TwinStickShooter.lib and object C:\Users\Nikolai\Documents\Unreal Projects\TwinStickShooter\Intermediate/Build/Win64\UE4Editor\Development\UE4Editor-TwinStickShooter.exp
[2015.10.21-19.57.07:659][341]CompilerResultsLog: Info -------- End Detailed Actions Stats -----------------------------------------------------------
[2015.10.21-19.57.07:659][341]CompilerResultsLog: Info Total build time: 323,89 seconds
[2015.10.21-19.57.07:660][341]LogMainFrame: MainFrame: Module compiling took 327.600 seconds
[2015.10.21-19.57.07:759][341]Reloading module after successful compile.
[2015.10.21-19.57.18:194][341]LogContentBrowser: Native class hierarchy updated for 'TwinStickShooter' in 1.0116 seconds. Added 1 classes and 2 folders.
[2015.10.21-19.57.23:038][341]LogContentBrowser: Native class hierarchy populated in 3.5240 seconds. Added 1869 classes and 337 folders.
[2015.10.21-19.57.47:982][343]LogHttp:Warning: Timeout processing Http request. 000000E388E9BC00
[2015.10.21-19.58.01:934][375]LogVSAccessor:Warning: Visual Studio is open but could not be queried - it may be blocked by a modal operation
[2015.10.21-19.58.01:959][376]LogVSAccessor:Warning: Visual Studio is open but could not be queried - it may be blocked by a modal operation
[2015.10.21-19.59.19:428][377]LogVSAccessor:Warning: Couldn't goto line number '0' in 'C:/Users/Nikola