[2015.10.24-10.55.32:464][  0]Log file open, 10/24/15 13:55:32
[2015.10.24-10.55.32:464][  0]LogInit:Display: Running engine for game: TwinStickShooter
[2015.10.24-10.55.32:464][  0]LogInit:Display: RandInit(1697660140) SRandInit(1697660140).
[2015.10.24-10.55.32:464][  0]LogTaskGraph: Started task graph with 4 named threads and 5 total threads.
[2015.10.24-10.55.32:464][  0]LogStats: Stats thread started at 0.191053
[2015.10.24-10.55.32:464][  0]LogInit: Version: 4.9.0-2672455+++depot+UE4-Releases+4.9
[2015.10.24-10.55.32:464][  0]LogInit: API Version: 2672455
[2015.10.24-10.55.32:464][  0]LogInit: Compiled (64-bit): Aug 28 2015 12:33:01
[2015.10.24-10.55.32:464][  0]LogInit: Compiled with Visual C++: 18.00.21005.01
[2015.10.24-10.55.32:464][  0]LogInit: Build Configuration: Development
[2015.10.24-10.55.32:464][  0]LogInit: Branch Name: ++depot+UE4-Releases+4.9
[2015.10.24-10.55.32:464][  0]LogInit: Command line: 
[2015.10.24-10.55.32:464][  0]LogInit: Base directory: C:/Program Files/Epic Games/4.9/Engine/Binaries/Win64/
[2015.10.24-10.55.32:464][  0]LogInit: Rocket: 1
[2015.10.24-10.55.32:477][  0]LogInit: Using libcurl 7.41.0
[2015.10.24-10.55.32:477][  0]LogInit:  - built for x86_64-pc-win32
[2015.10.24-10.55.32:477][  0]LogInit:  - supports SSL with WinSSL
[2015.10.24-10.55.32:477][  0]LogInit:  - other features:
[2015.10.24-10.55.32:477][  0]LogInit:      CURL_VERSION_SSL
[2015.10.24-10.55.32:477][  0]LogInit:      CURL_VERSION_IPV6
[2015.10.24-10.55.32:477][  0]LogInit:      CURL_VERSION_ASYNCHDNS
[2015.10.24-10.55.32:477][  0]LogInit:      CURL_VERSION_LARGEFILE
[2015.10.24-10.55.32:477][  0]LogInit:      CURL_VERSION_IDN
[2015.10.24-10.55.32:477][  0]LogInit:  CurlRequestOptions (configurable via config and command line):
[2015.10.24-10.55.32:477][  0]LogInit:  - bVerifyPeer = true  - Libcurl will verify peer certificate
[2015.10.24-10.55.32:477][  0]LogInit:  - bUseHttpProxy = false  - Libcurl will NOT use HTTP proxy
[2015.10.24-10.55.32:477][  0]LogInit:  - bDontReuseConnections = false  - Libcurl will reuse connections
[2015.10.24-10.55.32:477][  0]LogInit:  - CertBundlePath = nullptr  - Libcurl will use whatever was configured at build time.
[2015.10.24-10.55.32:488][  0]LogInit: Presizing for 0 objects not considered by GC, pre-allocating 0 bytes.
[2015.10.24-10.55.32:499][  0]LogInit: Object subsystem initialized
[2015.10.24-10.55.32:512][  0]LogInit: Selected Device Profile: [Windows]
[2015.10.24-10.55.32:512][  0]LogInit: Applying CVar settings loaded from the selected device profile: [Windows]
[2015.10.24-10.55.32:653][  0]LogInit: Computer: THEPROTO
[2015.10.24-10.55.32:653][  0]LogInit: User: Nikolai
[2015.10.24-10.55.32:653][  0]LogInit: CPU Page size=4096, Cores=2
[2015.10.24-10.55.32:655][  0]LogInit: High frequency timer resolution =2.630739 MHz
[2015.10.24-10.55.32:656][  0]LogMemory: Memory total: Physical=3.9GB (4GB approx)
[2015.10.24-10.55.32:656][  0]LogMemory: Platform Memory Stats for Windows
[2015.10.24-10.55.32:656][  0]LogMemory: Process Physical Memory: 52.08 MB used, 52.08 MB peak
[2015.10.24-10.55.32:656][  0]LogMemory: Process Virtual Memory: 57.01 MB used, 57.01 MB peak
[2015.10.24-10.55.32:656][  0]LogMemory: Physical Memory: 2621.30 MB used, 4044.71 MB total
[2015.10.24-10.55.32:656][  0]LogMemory: Virtual Memory: 346.99 MB used, 134217728.00 MB total
[2015.10.24-10.55.32:727][  0]LogTextLocalizationManager: No translations for ('bg-BG') exist, falling back to 'en' for localization and internationalization data.
[2015.10.24-10.55.34:044][  0]LogD3D11RHI: Found D3D11 adapter 0: AMD Radeon R7 200 Series (Feature Level 11_0)
[2015.10.24-10.55.34:044][  0]LogD3D11RHI: Adapter has 2027MB of dedicated video memory, 0MB of dedicated system memory, and 1792MB of shared system memory, 1 output[s]
[2015.10.24-10.55.34:047][  0]LogD3D11RHI: Found D3D11 adapter 1: Microsoft Basic Render Driver (Feature Level 11_0)
[2015.10.24-10.55.34:047][  0]LogD3D11RHI: Adapter has 0MB of dedicated video memory, 0MB of dedicated system memory, and 256MB of shared system memory, 0 output[s]
[2015.10.24-10.55.34:047][  0]LogD3D11RHI: Chosen D3D11 Adapter Id = 0
[2015.10.24-10.55.34:055][  0]LogD3D11RHI: !Direct3DDevice
[2015.10.24-10.55.34:056][  0]LogRHI: Texture pool is 1361 MB (70% of 1945 MB)
[2015.10.24-10.55.34:074][  0]LogD3D11RHI: Async texture creation disabled: no driver support
[2015.10.24-10.55.34:087][  0]LogShaderCompilers: Guid format shader working directory is 15 characters bigger than the processId version (../../../../../../Users/Nikolai/Documents/Unreal Projects/TwinStickShooter/Intermediate/Shaders/WorkingDirectory/1948/).
[2015.10.24-10.55.34:208][  0]LogShaderCompilers: Cleaned the shader compiler working directory '../../../../../../Users/Nikolai/Documents/Unreal Projects/TwinStickShooter/Intermediate/Shaders/tmp/521C4FDA4F0BF3B1C717E8A0ABFCF52B/'.
[2015.10.24-10.55.34:208][  0]LogShaderCompilers:Display: Using Local Shader Compiler.
[2015.10.24-10.55.36:624][  0]LogTemp:Display: Loaded TP AllDesktopTargetPlatform
[2015.10.24-10.55.36:632][  0]LogTemp:Display: Loaded TP WindowsClientTargetPlatform
[2015.10.24-10.55.36:642][  0]LogTemp:Display: Loaded TP WindowsNoEditorTargetPlatform
[2015.10.24-10.55.36:652][  0]LogTemp:Display: Loaded TP WindowsServerTargetPlatform
[2015.10.24-10.55.36:662][  0]LogTemp:Display: Loaded TP WindowsTargetPlatform
[2015.10.24-10.55.36:671][  0]LogTemp:Display: Loaded TP AndroidTargetPlatform
[2015.10.24-10.55.36:676][  0]LogTemp:Display: Loaded TP Android_ASTCTargetPlatform
[2015.10.24-10.55.36:681][  0]LogTemp:Display: Loaded TP Android_ATCTargetPlatform
[2015.10.24-10.55.36:692][  0]LogTemp:Display: Loaded TP Android_DXTTargetPlatform
[2015.10.24-10.55.36:697][  0]LogTemp:Display: Loaded TP Android_ETC1TargetPlatform
[2015.10.24-10.55.36:707][  0]LogTemp:Display: Loaded TP Android_ETC2TargetPlatform
[2015.10.24-10.55.36:711][  0]LogTemp:Display: Loaded TP Android_PVRTCTargetPlatform
[2015.10.24-10.55.36:712][  0]LogTemp:Display: Loaded TP HTML5TargetPlatform
[2015.10.24-10.55.36:733][  0]LogTemp:Display: Loaded TP IOSTargetPlatform
[2015.10.24-10.55.36:743][  0]LogTemp:Display: Loaded TP LinuxNoEditorTargetPlatform
[2015.10.24-10.55.36:747][  0]LogTemp:Display: Loaded TP LinuxServerTargetPlatform
[2015.10.24-10.55.36:757][  0]LogTemp:Display: Loaded TP LinuxTargetPlatform
[2015.10.24-10.55.36:757][  0]LogTargetPlatformManager:Display: Building Assets For Windows
[2015.10.24-10.55.36:926][  0]LogDerivedDataCache:Display: Max Cache Size: 512 MB
[2015.10.24-10.55.37:054][  0]LogDerivedDataCache: Loaded boot cache 0.13s 41MB C:/Users/Nikolai/AppData/Local/UnrealEngine/4.9/DerivedDataCache/Boot.ddc.
[2015.10.24-10.55.37:054][  0]LogDerivedDataCache:Display: Loaded Boot cache: C:/Users/Nikolai/AppData/Local/UnrealEngine/4.9/DerivedDataCache/Boot.ddc
[2015.10.24-10.55.37:055][  0]LogDerivedDataCache: FDerivedDataBackendGraph:  Pak pak cache file ../../../../../../Users/Nikolai/Documents/Unreal Projects/TwinStickShooter/DerivedDataCache/DDC.ddp not found, will not use a pak cache.
[2015.10.24-10.55.37:055][  0]LogDerivedDataCache: Unable to find inner node Pak for hierarchical cache Hierarchy.
[2015.10.24-10.55.37:055][  0]LogDerivedDataCache: FDerivedDataBackendGraph:  CompressedPak pak cache file ../../../../../../Users/Nikolai/Documents/Unreal Projects/TwinStickShooter/DerivedDataCache/Compressed.ddp not found, will not use a pak cache.
[2015.10.24-10.55.37:055][  0]LogDerivedDataCache: Unable to find inner node CompressedPak for hierarchical cache Hierarchy.
[2015.10.24-10.55.37:306][  0]LogDerivedDataCache:Display: Pak cache opened for reading ../../../Engine/DerivedDataCache/Compressed.ddp.
[2015.10.24-10.55.37:318][  0]LogDerivedDataCache: Using Local data cache path C:/Users/Nikolai/AppData/Local/UnrealEngine/Common/DerivedDataCache: Writable
[2015.10.24-10.55.38:154][  0]LogInit: Selected Device Profile: [Windows]
[2015.10.24-10.55.38:181][  0]LogContentStreaming: Texture pool size is 0.000000MB
[2015.10.24-10.55.38:827][  0]LogMeshUtilities: No automatic mesh reduction module available
[2015.10.24-10.55.38:827][  0]LogMeshUtilities: No automatic mesh merging module available
[2015.10.24-10.55.40:940][  0]LogInit: WinSock: version 1.1 (2.2), MaxSocks=32767, MaxUdp=65467
[2015.10.24-10.55.49:673][  0]UdpMessaging: Initializing bridge on interface 0.0.0.0:0 to multicast group 230.0.0.1:6666.
[2015.10.24-10.55.50:388][  0]LogAssetRegistry: FAssetRegistry took 0.0118 seconds to start up
[2015.10.24-10.55.51:562][  0]SourceControl: Info Source control is disabled
[2015.10.24-10.55.51:562][  0]SourceControl: Info Source control is disabled
[2015.10.24-10.55.51:576][  0]SourceControl: Info Source control is disabled
[2015.10.24-10.55.51:626][  0]SourceControl: Info Source control is disabled
[2015.10.24-10.55.52:779][  0]LogLinker:Warning: Asset '../../../Engine/Plugins/Runtime/LeapMotionController/Content/LM_PassthroughMaterial.uasset' has been saved with empty engine version. The asset will be loaded but may be incompatible.
[2015.10.24-10.55.52:976][  0]LogObj: 28369 objects as part of root set at end of initial load.
[2015.10.24-10.55.52:976][  0]LogUObjectAllocator: 6047944 out of 0 bytes used by permanent object pool.
[2015.10.24-10.55.53:151][  0]LogEngine: Initializing Engine...
[2015.10.24-10.55.53:155][  0]LogHMD: Can't find Oculus library dev build: is proper Runtime installed? Version: 0.6.0.0
[2015.10.24-10.55.53:155][  0]LogHMD: SteamVR failed to initialize.  Err: 110
[2015.10.24-10.55.54:332][  0]LogAIModule: Creating AISystem for world NewWorld
[2015.10.24-10.55.54:339][  0]LogInit: XAudio2 using 'Speakers (High Definition Audio Device)' : 2 channels at 48 kHz using 32 bits per sample (channel mask 0x3)
[2015.10.24-10.55.54:351][  0]LogInit: FAudioDevice initialized.
[2015.10.24-10.55.54:441][  0]LogDerivedDataCache: Saved boot cache 0.09s 41MB C:/Users/Nikolai/AppData/Local/UnrealEngine/4.9/DerivedDataCache/Boot.ddc.
[2015.10.24-10.55.54:467][  0]LogInit: Texture streaming: Enabled
[2015.10.24-10.55.54:477][  0]LogAnalytics: Creating configured Analytics provider AnalyticsET
[2015.10.24-10.55.54:477][  0]LogAnalytics: [UEEditor.Rocket.Release] APIServer = http://et2.epicgames.com/ET2/. AppVersion = 4.9.0-2672455+++depot+UE4-Releases+4.9
[2015.10.24-10.55.54:477][  0]LogAnalytics: [UEEditor.Rocket.Release] SetUserId 53f6fc274a2158c2f1746fa617a06228|6e4a51694ea9490fbeb018a9c89f70b0|fd8891bc-30c8-439a-9b49-a1618c91fbf9
[2015.10.24-10.55.54:477][  0]LogAnalytics: [UEEditor.Rocket.Release] AnalyticsET::StartSession
[2015.10.24-10.55.54:584][  0]LogInit: Transaction tracking system initialized
[2015.10.24-10.55.54:643][  0]BlueprintLog: New page: Editor Load
[2015.10.24-10.55.55:476][  0]LocalizationService: Info Localization service is disabled
[2015.10.24-10.55.56:663][  0]LogConsoleResponse:Display: 
[2015.10.24-10.55.58:988][  0]LogFileCache: Scanning file cache for directory 'C:/Users/Nikolai/Documents/Unreal Projects/TwinStickShooter/Content/' took 0.17s
[2015.10.24-10.55.58:988][  0]LogCook:Display: Done creating registry. It took  0.00s.
[2015.10.24-10.56.00:158][  0]SourceControl: Info Source control is disabled
[2015.10.24-10.56.00:158][  0]Cmd: MAP LOAD FILE="../../../../../../Users/Nikolai/Documents/Unreal Projects/TwinStickShooter/Content/StarterContent/Maps/Minimal_Default.umap" TEMPLATE=0 SHOWPROGRESS=1 FEATURELEVEL=3
[2015.10.24-10.56.00:277][  0]LightingResults: New page: Lighting Build
[2015.10.24-10.56.00:343][  0]MapCheck: New page: Map Check
[2015.10.24-10.56.00:343][  0]LightingResults: New page: Lighting Build
[2015.10.24-10.56.00:375][  0]LogParticles: Destroying 0 GPU particle simulations for FXSystem 0x000000E5B2D02160
[2015.10.24-10.56.03:737][  0]LogAIModule: Creating AISystem for world Minimal_Default
[2015.10.24-10.56.04:042][  0]LogEditorServer: Finished looking for orphan Actors (0.000 secs)
[2015.10.24-10.56.04:106][  0]Cmd: MAP CHECKDEP NOCLEARLOG
[2015.10.24-10.56.04:189][  0]MapCheck: Info Map check complete: 0 Error(s), 0 Warning(s), took 82.762ms to complete.
[2015.10.24-10.56.04:189][  0]LogFileHelpers: Loading map 'Minimal_Default' took 4.032
[2015.10.24-10.56.05:428][  0]LogCollectionManager: Loaded 0 collections in 0.016178 seconds
[2015.10.24-10.56.05:595][  0]LogFileCache: Scanning file cache for directory 'C:/Users/Nikolai/Documents/Unreal Projects/TwinStickShooter/Saved/Collections/' took 0.02s
[2015.10.24-10.56.05:596][  0]LogFileCache: Scanning file cache for directory 'C:/Users/Nikolai/Documents/Unreal Projects/TwinStickShooter/Content/Developers/Nikolai/Collections/' took 0.00s
[2015.10.24-10.56.05:596][  0]LogFileCache: Scanning file cache for directory 'C:/Users/Nikolai/Documents/Unreal Projects/TwinStickShooter/Content/Collections/' took 0.00s
[2015.10.24-10.56.05:596][  0]LogContentBrowser: Native class hierarchy populated in 0.0867 seconds. Added 1868 classes and 335 folders.
[2015.10.24-10.56.06:057][  0]LogCollectionManager: Rebuilt the GUID cache for 0 collections in 0.000004 seconds
[2015.10.24-10.56.06:396][  0]LogContentBrowser: Native class hierarchy updated for 'WidgetCarousel' in 0.0018 seconds. Added 0 classes and 0 folders.
[2015.10.24-10.56.09:097][  0]LogContentBrowser: Native class hierarchy updated for 'AddContentDialog' in 0.0018 seconds. Added 0 classes and 0 folders.
[2015.10.24-10.56.10:466][  0]LogContentBrowser: Native class hierarchy updated for 'SceneOutliner' in 0.0019 seconds. Added 1 classes and 2 folders.
[2015.10.24-10.56.11:583][  0]LogCrashTracker: Crashtracker disabled due to settings.
[2015.10.24-10.56.11:965][  0]LogUObjectGlobals:Warning: Failed to find object 'Class None.'
[2015.10.24-10.56.12:044][  0]LogLoad: Full Startup: 43.31 seconds (BP compile: 0.17 seconds)
[2015.10.24-10.56.14:315][  0]LogContentStreaming: Texture pool size now 1000 MB
[2015.10.24-10.56.16:326][  0]LogRenderer: Reallocating scene render targets to support 772x612 (Frame:2).
[2015.10.24-10.56.19:840][  5]LogAssetRegistry: Asset discovery search completed in 29.4639 seconds
[2015.10.24-10.56.19:840][  5]LogCollectionManager: Rebuilt the object cache for 0 collections in 0.000001 seconds (found 0 objects)
[2015.10.24-10.56.19:840][  5]LogCollectionManager: Fixed up redirectors for 0 collections in 0.000033 seconds (updated 0 objects)
[2015.10.24-11.31.02:047][745]LogAIModule: Creating AISystem for world NewMap
[2015.10.24-11.31.02:165][745]Cmd: MAP LOAD FILE="../../../../../../Users/Nikolai/Documents/Unreal Projects/TwinStickShooter/Content/Maps/NewMap.umap" TEMPLATE=0 SHOWPROGRESS=1 FEATURELEVEL=3
[2015.10.24-11.31.02:165][745]LightingResults: New page: Lighting Build
[2015.10.24-11.31.02:272][745]LoadErrors: New page: Loading map: NewMap.umap
[2015.10.24-11.31.02:380][745]MapCheck: New page: Map Check
[2015.10.24-11.31.02:380][745]LightingResults: New page: Lighting Build
[2015.10.24-11.31.02:429][745]LogParticles: Destroying 0 GPU particle simulations for FXSystem 0x000000E5A464F420
[2015.10.24-11.31.02:552][745]LogEditorServer: Finished looking for orphan Actors (0.000 secs)
[2015.10.24-11.31.02:640][745]Cmd: MAP CHECKDEP NOCLEARLOG
[2015.10.24-11.31.02:736][745]MapCheck: Info Map check complete: 0 Error(s), 0 Warning(s), took 95.074ms to complete.
[2015.10.24-11.31.02:737][745]LogFileHelpers: Loading map 'NewMap' took 0.573
[2015.10.24-11.54.45:686][255]LogVSAccessor:Warning: Visual Studio is open but could not be queried - it may be blocked by a modal operation
[2015.10.24-11.54.45:711][256]LogVSAccessor:Warning: Visual Studio is open but could not be queried - it may be blocked by a modal operation
[2015.10.24-11.54.53:218][257]LogVSAccessor:Warning: Visual Studio is open but could not be queried - it may be blocked by a modal operation
[2015.10.24-11.54.53:299][258]LogVSAccessor:Warning: Visual Studio is open but could not be queried - it may be blocked by a modal operation
[2015.10.24-11.55.09:220][259]LogVSAccessor:Warning: Visual Studio is open but could not be queried - it may be blocked by a modal operation
[2015.10.24-11.55.46:159][260]LogVSAccessor:Warning: Couldn't goto line number '0' in 'C:/Users/Nikolai/Documents/Unreal Projects/TwinStickShooter/Source/TwinStickShooter/BaseCharacter.h'
[2015.10.24-11.55.47:810][260]LogVSAccessor:Warning: Couldn't goto line number '0' in 'C:/Users/Nikolai/Documents/Unreal Projects/TwinStickShooter/Source/TwinStickShooter/BaseCharacter.cpp'
[2015.10.24-14.58.21:638][805]LogHotReload: New module detected: UE4Editor-TwinStickShooter-7887.dll
[2015.10.24-14.58.22:365][806]LogHotReload: Starting Hot-Reload from IDE
[2015.10.24-14.58.48:883][806]LogClass: Could not find existing class BaseCharacter in package /Script/TwinStickShooter for HotReload, assuming new class
[2015.10.24-14.58.49:006][806]LogClass: Function CalculateHealth is new.
[2015.10.24-14.58.50:853][806]LogHotReload: Re-instancing BaseCharacter after hot-reload.
[2015.10.24-14.58.59:116][806]LogContentBrowser: Native class hierarchy updated for 'TwinStickShooter' in 0.7248 seconds. Added 1 classes and 2 folders.
[2015.10.24-14.58.59:118][806]Warning: HotReload successful (0 functions remapped  0 scriptstructs remapped)
[2015.10.24-14.59.09:531][806]LogContentBrowser: Native class hierarchy populated in 1.2044 seconds. Added 1869 classes and 337 folders.
[2015.10.24-16.22.53:216][231]LogLinker:Warning: Asset '../../../Engine/Content/ArtTools/RenderToTexture/Macros/RenderToTextureMacros.uasset' has been saved with empty engine version. The asset will be loaded but may be incompatible.
[2015.10.24-16.23.11:931][231]LogContentBrowser: Native class hierarchy updated for 'BlueprintGraph' in 0.0319 seconds. Added 107 classes and 0 folders.
[2015.10.24-16.23.24:010][231]LogRenderer: Reallocating scene render targets to support 812x612 (Frame:8498).
[2015.10.24-16.23.27:221][232]LogFileHelpers: Editor autosave (incl. sublevels) for '/Game/Maps/NewMap' took 0.183
[2015.10.24-16.23.27:370][232]OBJ SavePackage: Generating thumbnails for [0] asset(s) in package [/Game/Blueprints/HeroCharacter] ([1] browsable assets)...
[2015.10.24-16.23.27:422][232]OBJ SavePackage: Finished generating thumbnails for package [/Game/Blueprints/HeroCharacter]
[2015.10.24-16.23.27:986][232]LogSavePackage: Save=377.829590ms
[2015.10.24-16.23.27:987][232]LogSavePackage: Moving '../../../../../../Users/Nikolai/Documents/Unreal Projects/TwinStickShooter/Saved/HeroCharacter_Auto1F23C44354172D4C2A09186BED2EFB8C7.tmp' to '../../../../../../Users/Nikolai/Documents/Unreal Projects/TwinStickShooter/Saved/Autosaves/Game/Blueprints/HeroCharacter_Auto1.uasset'
[2015.10.24-16.23.27:990][232]LogSavePackage: Total save time: 535.037491ms
[2015.10.24-16.23.27:990][232]LogSavePackage:Warning: Finished SavePackage ../../../../../../Users/Nikolai/Documents/Unreal Projects/TwinStickShooter/Saved/Autosaves/Game/Blueprints/HeroCharacter_Auto1.uasset
[2015.10.24-16.23.27:990][232]LogFileHelpers: Auto-saving content packages took 0.750
[2015.10.24-16.23.59:709][ 75]LogLinker:Warning: Can't find file '/Game/AnimationAssets/UE4_Mannequin/Materials/M_UE4Man_Body'
[2015.10.24-16.23.59:710][ 75]LogLinker:Warning: Can't find file for asset '/Game/AnimationAssets/UE4_Mannequin/Materials/M_UE4Man_Body' while loading ../../../../../../Users/Nikolai/Documents/Unreal Projects/TwinStickShooter/Content/StarterContent/AnimationAssets/UE4_Mannequin/Mesh/SK_Mannequin.uasset.
[2015.10.24-16.23.59:710][ 75]LoadErrors:Error: Error /Game/StarterContent/AnimationAssets/UE4_Mannequin/Mesh/SK_Mannequin : Can't find file for asset. /Game/AnimationAssets/UE4_Mannequin/Materials/M_UE4Man_Body
[2015.10.24-16.23.59:710][ 75]LogLinker:Warning: Can't find file '/Game/AnimationAssets/UE4_Mannequin/Materials/M_UE4Man_ChestLogo'
[2015.10.24-16.23.59:710][ 75]LogLinker:Warning: Can't find file for asset '/Game/AnimationAssets/UE4_Mannequin/Materials/M_UE4Man_ChestLogo' while loading ../../../../../../Users/Nikolai/Documents/Unreal Projects/TwinStickShooter/Content/StarterContent/AnimationAssets/UE4_Mannequin/Mesh/SK_Mannequin.uasset.
[2015.10.24-16.23.59:710][ 75]LoadErrors:Error: Error /Game/StarterContent/AnimationAssets/UE4_Mannequin/Mesh/SK_Mannequin : Can't find file for asset. /Game/AnimationAssets/UE4_Mannequin/Materials/M_UE4Man_ChestLogo
[2015.10.24-16.23.59:720][ 75]LogLinker:Warning: Can't find file '/Game/AnimationAssets/UE4_Mannequin/Materials/M_UE4Man_Body'
[2015.10.24-16.23.59:720][ 75]LogLinker:Warning: Can't find file for asset '/Game/AnimationAssets/UE4_Mannequin/Materials/M_UE4Man_Body' while loading ../../../../../../Users/Nikolai/Documents/Unreal Projects/TwinStickShooter/Content/StarterContent/AnimationAssets/UE4_Mannequin/Mesh/SK_Mannequin.uasset.
[2015.10.24-16.23.59:720][ 75]LogLinker:Warning: Can't find file '/Game/AnimationAssets/UE4_Mannequin/Materials/M_UE4Man_ChestLogo'
[2015.10.24-16.23.59:721][ 75]LogLinker:Warning: Can't find file for asset '/Game/AnimationAssets/UE4_Mannequin/Materials/M_UE4Man_ChestLogo' while loading ../../../../../../Users/Nikolai/Documents/Unreal Projects/TwinStickShooter/Content/StarterContent/AnimationAssets/UE4_Mannequin/Mesh/SK_Mannequin.uasset.
[2015.10.24-16.23.59:721][ 75]LogLinker:Warning: Can't find file '/Game/AnimationAssets/UE4_Mannequin/Mesh/SK_Mannequin_PhysicsAsset'
[2015.10.24-16.23.59:721][ 75]LogLinker:Warning: Can't find file for asset '/Game/AnimationAssets/UE4_Mannequin/Mesh/SK_Mannequin_PhysicsAsset' while loading ../../../../../../Users/Nikolai/Documents/Unreal Projects/TwinStickShooter/Content/StarterContent/AnimationAssets/UE4_Mannequin/Mesh/SK_Mannequin.uasset.
[2015.10.24-16.23.59:721][ 75]LoadErrors:Error: Error /Game/StarterContent/AnimationAssets/UE4_Mannequin/Mesh/SK_Mannequin : Can't find file for asset. /Game/AnimationAssets/UE4_Mannequin/Mesh/SK_Mannequin_PhysicsAsset
[2015.10.24-16.23.59:721][ 75]LogLinker:Warning: Can't find file '/Game/AnimationAssets/UE4_Mannequin/Mesh/UE4_Mannequin_Skeleton'
[2015.10.24-16.23.59:721][ 75]LogLinker:Warning: Can't find file for asset '/Game/AnimationAssets/UE4_Mannequin/Mesh/UE4_Mannequin_Skeleton' while loading ../../../../../../Users/Nikolai/Documents/Unreal Projects/TwinStickShooter/Content/StarterContent/AnimationAssets/UE4_Mannequin/Mesh/SK_Mannequin.uasset.
[2015.10.24-16.23.59:721][ 75]LoadErrors:Error: Error /Game/StarterContent/AnimationAssets/UE4_Mannequin/Mesh/SK_Mannequin : Can't find file for asset. /Game/AnimationAssets/UE4_Mannequin/Mesh/UE4_Mannequin_Skeleton
[2015.10.24-16.23.59:722][ 75]LogLinker:Warning: Can't find file '/Game/AnimationAssets/UE4_Mannequin/Mesh/SK_Mannequin_PhysicsAsset'
[2015.10.24-16.23.59:722][ 75]LogLinker:Warning: Can't find file for asset '/Game/AnimationAssets/UE4_Mannequin/Mesh/SK_Mannequin_PhysicsAsset' while loading ../../../../../../Users/Nikolai/Documents/Unreal Projects/TwinStickShooter/Content/StarterContent/AnimationAssets/UE4_Mannequin/Mesh/SK_Mannequin.uasset.
[2015.10.24-16.23.59:722][ 75]LogLinker:Warning: Can't find file '/Game/AnimationAssets/UE4_Mannequin/Mesh/UE4_Mannequin_Skeleton'
[2015.10.24-16.23.59:722][ 75]LogLinker:Warning: Can't find file for asset '/Game/AnimationAssets/UE4_Mannequin/Mesh/UE4_Mannequin_Skeleton' while loading ../../../../../../Users/Nikolai/Documents/Unreal Projects/TwinStickShooter/Content/StarterContent/AnimationAssets/UE4_Mannequin/Mesh/SK_Mannequin.uasset.
[2015.10.24-16.23.59:737][ 75]LogLinker:Warning: Can't find file '/Game/AnimationAssets/UE4_Mannequin/Mesh/UE4_Mannequin_Skeleton'
[2015.10.24-16.23.59:737][ 75]LoadErrors: Info Failed to load /Game/AnimationAssets/UE4_Mannequin/Mesh/UE4_Mannequin_Skeleton.UE4_Mannequin_Skeleton Referenced by SK_Mannequin
[2015.10.24-16.23.59:760][ 75]LogLinker:Warning: Can't find file for asset '/Game/AnimationAssets/UE4_Mannequin/Mesh/UE4_Mannequin_Skeleton' while loading NULL.
[2015.10.24-16.23.59:775][ 75]LogLinker:Warning: Can't find file '/Game/AnimationAssets/UE4_Mannequin/Mesh/SK_Mannequin_PhysicsAsset'
[2015.10.24-16.23.59:775][ 75]LoadErrors: Info Failed to load /Game/AnimationAssets/UE4_Mannequin/Mesh/SK_Mannequin_PhysicsAsset.SK_Mannequin_PhysicsAsset Referenced by SK_Mannequin
[2015.10.24-16.23.59:775][ 75]LogLinker:Warning: Can't find file for asset '/Game/AnimationAssets/UE4_Mannequin/Mesh/SK_Mannequin_PhysicsAsset' while loading NULL.
[2015.10.24-16.23.59:775][ 75]LogLinker:Warning: Can't find file '/Game/AnimationAssets/UE4_Mannequin/Materials/M_UE4Man_Body'
[2015.10.24-16.23.59:775][ 75]LoadErrors: Info Failed to load /Game/AnimationAssets/UE4_Mannequin/Materials/M_UE4Man_Body.M_UE4Man_Body Referenced by SK_Mannequin
[2015.10.24-16.23.59:776][ 75]LogLinker:Warning: Can't find file for asset '/Game/AnimationAssets/UE4_Mannequin/Materials/M_UE4Man_Body' while loading NULL.
[2015.10.24-16.23.59:776][ 75]LogLinker:Warning: Can't find file '/Game/AnimationAssets/UE4_Mannequin/Materials/M_UE4Man_ChestLogo'
[2015.10.24-16.23.59:776][ 75]LoadErrors: Info Failed to load /Game/AnimationAssets/UE4_Mannequin/Materials/M_UE4Man_ChestLogo.M_UE4Man_ChestLogo Referenced by SK_Mannequin
[2015.10.24-16.23.59:776][ 75]LogLinker:Warning: Can't find file for asset '/Game/AnimationAssets/UE4_Mannequin/Materials/M_UE4Man_ChestLogo' while loading NULL.
[2015.10.24-16.24.00:016][ 75]LogAnimation:Warning: SkeletalMesh SK_Mannequin has no skeleton. This needs to fixed before an animation can be set
[2015.10.24-16.24.00:020][ 75]LogAnimation:Warning: SkeletalMesh SK_Mannequin has no skeleton. This needs to fixed before an animation can be set
[2015.10.24-16.24.00:424][ 76]LogAnimation:Warning: SkeletalMesh SK_Mannequin has no skeleton. This needs to fixed before an animation can be set
[2015.10.24-16.24.01:024][ 84]LogAnimation:Warning: SkeletalMesh SK_Mannequin has no skeleton. This needs to fixed before an animation can be set
[2015.10.24-16.24.01:048][ 85]LogAnimation:Warning: SkeletalMesh SK_Mannequin has no skeleton. This needs to fixed before an animation can be set
[2015.10.24-16.24.01:067][ 86]LogAnimation:Warning: SkeletalMesh SK_Mannequin has no skeleton. This needs to fixed before an animation can be set
[2015.10.24-16.24.01:092][ 87]LogAnimation:Warning: SkeletalMesh SK_Mannequin has no skeleton. This needs to fixed before an animation can be set
[2015.10.24-16.24.01:114][ 88]LogAnimation:Warning: SkeletalMesh SK_Mannequin has no skeleton. This needs to fixed before an animation can be set
[2015.10.24-16.24.01:131][ 89]LogAnimation:Warning: SkeletalMesh SK_Mannequin has no skeleton. This needs to fixed before an animation can be set
[2015.10.24-16.24.01:153][ 90]LogAnimation:Warning: SkeletalMesh SK_Mannequin has no skeleton. This needs to fixed before an animation can be set
[2015.10.24-16.24.01:172][ 91]LogAnimation:Warning: SkeletalMesh SK_Mannequin has no skeleton. This needs to fixed before an animation can be set
[2015.10.24-16.24.01:216][ 92]LogAnimation:Warning: SkeletalMesh SK_Mannequin has no skeleton. This needs to fixed before an animation can be set
[2015.10.24-16.24.01:233][ 93]LogAnimation:Warning: SkeletalMesh SK_Mannequin has no skeleton. This needs to fixed before an animation can be set
[2015.10.24-16.24.01:255][ 94]LogAnimation:Warning: SkeletalMesh SK_Mannequin has no skeleton. This needs to fixed before an animation can be set
[2015.10.24-16.24.01:273][ 95]LogAnimation:Warning: SkeletalMesh SK_Mannequin has no skeleton. This needs to fixed before an animation can be set
[2015.10.24-16.24.01:291][ 96]LogAnimation:Warning: SkeletalMesh SK_Mannequin has no skeleton. This needs to fixed before an animation can be set
[2015.10.24-16.24.01:308][ 97]LogAnimation:Warning: SkeletalMesh SK_Mannequin has no skeleton. This needs to fixed before an animation can be set
[2015.10.24-16.24.01:331][ 98]LogAnimation:Warning: SkeletalMesh SK_Mannequin has no skeleton. This needs to fixed before an animation can be set
[2015.10.24-16.24.01:351][ 99]LogAnimation:Warning: SkeletalMesh SK_Mannequin has no skeleton. This needs to fixed before an animation can be set
[2015.10.24-16.24.01:371][100]LogAnimation:Warning: SkeletalMesh SK_Mannequin has no skeleton. This needs to fixed before an animation can be set
[2015.10.24-16.24.01:391][101]LogAnimation:Warning: SkeletalMesh SK_Mannequin has no skeleton. This needs to fixed before an animation can be set
[2015.10.24-16.24.01:412][102]LogAnimation:Warning: SkeletalMesh SK_Mannequin has no skeleton. This needs to fixed before an animation can be set
[2015.10.24-16.24.01:434][103]LogAnimation:Warning: SkeletalMesh SK_Mannequin has no skeleton. This needs to fixed before an animation can be set
[2015.10.24-16.24.02:801][159]LogRenderer: Reallocating scene render targets to support 908x612 (Frame:9189).
[2015.10.24-16.25.23:411][766]LogActorComponent: UnregisterComponent: (/Engine/Transient.CharMoveComp) Not registered. Aborting.
[2015.10.24-16.25.54:369][464]LogActorComponent: UnregisterComponent: (/Engine/Transient.CharacterMovementComponent_0) Not registered. Aborting.
[2015.10.24-16.25.55:154][505]LogActorComponent: UnregisterComponent: (/Engine/Transient.CharacterMovementComponent_1) Not registered. Aborting.
[2015.10.24-16.25.55:623][529]LogActorComponent: UnregisterComponent: (/Engine/Transient.CharacterMovementComponent_2) Not registered. Aborting.
[2015.10.24-16.26.20:974][387]LogActorComponent: UnregisterComponent: (/Engine/Transient.CharacterMovementComponent_3) Not registered. Aborting.
[2015.10.24-16.26.41:554][781]LogActorComponent: UnregisterComponent: (/Engine/Transient.CharacterMovementComponent_4) Not registered. Aborting.
[2015.10.24-16.26.48:958][981]LogActorComponent: UnregisterComponent: (/Engine/Transient.CharacterMovementComponent_5) Not registered. Aborting.
[2015.10.24-16.26.53:186][130]LogActorComponent: UnregisterComponent: (/Engine/Transient.CharacterMovementComponent_6) Not registered. Aborting.
[2015.10.24-16.26.54:854][196]LogActorComponent: UnregisterComponent: (/Engine/Transient.CharacterMovementComponent_7) Not registered. Aborting.
[2015.10.24-16.27.38:524][648]BlueprintLog: New page: Compile HeroCharacter
[2015.10.24-16.27.38:851][648]LogActorComponent: UnregisterComponent: (/Engine/Transient.CharacterMovementComponent_8) Not registered. Aborting.
[2015.10.24-16.27.38:952][648]BlueprintEditorCompileResults: Info [9930.20] Compile of HeroCharacter successful! [in 409 ms]
[2015.10.24-16.27.39:992][680]Cmd: OBJ SAVEPACKAGE PACKAGE="/Game/Blueprints/HeroCharacter" FILE="../../../../../../Users/Nikolai/Documents/Unreal Projects/TwinStickShooter/Content/Blueprints/HeroCharacter.uasset" SILENT=true
[2015.10.24-16.27.40:088][680]LogSavePackage: Save=93.306480ms
[2015.10.24-16.27.40:089][680]LogSavePackage: Moving '../../../../../../Users/Nikolai/Documents/Unreal Projects/TwinStickShooter/Saved/HeroCharacter7C32F1F44D0E8A530DD30DAD4DEE5628.tmp' to '../../../../../../Users/Nikolai/Documents/Unreal Projects/TwinStickShooter/Content/Blueprints/HeroCharacter.uasset'
[2015.10.24-16.27.40:093][680]LogSavePackage: Total save time: 98.495137ms
[2015.10.24-16.27.40:093][680]LogSavePackage:Warning: Finished SavePackage ../../../../../../Users/Nikolai/Documents/Unreal Projects/TwinStickShooter/Content/Blueprints/HeroCharacter.uasset
[2015.10.24-16.27.47:970][885]Cmd: OBJ SAVEPACKAGE PACKAGE="/Game/Blueprints/HeroCharacter" FILE="../../../../../../Users/Nikolai/Documents/Unreal Projects/TwinStickShooter/Content/Blueprints/HeroCharacter.uasset" SILENT=true
[2015.10.24-16.27.48:107][885]LogSavePackage: Save=27.927513ms
[2015.10.24-16.27.48:107][885]LogSavePackage: Moving '../../../../../../Users/Nikolai/Documents/Unreal Projects/TwinStickShooter/Saved/HeroCharacterA47C9D7D4D70BBED0DE2CBA0675253C3.tmp' to '../../../../../../Users/Nikolai/Documents/Unreal Projects/TwinStickShooter/Content/Blueprints/HeroCharacter.uasset'
[2015.10.24-16.27.48:108][885]LogSavePackage: Total save time: 135.707874ms
[2015.10.24-16.27.48:108][885]LogSavePackage:Warning: Finished SavePackage ../../../../../../Users/Nikolai/Documents/Unreal Projects/TwinStickShooter/Content/Blueprints/HeroCharacter.uasset
[2015.10.24-16.27.53:586][ 98]LogAnimation:Warning: SkeletalMesh SK_Mannequin has no skeleton. This needs to fixed before an animation can be set
[2015.10.24-16.28.00:519][617]LogPlayLevel: PlayLevel: No blueprints needed recompiling
[2015.10.24-16.28.01:151][617]PIE: New page: PIE session: NewMap (Oct 24, 2015, 10:28:00 PM)
[2015.10.24-16.28.01:168][617]LogPlayLevel: Creating play world package: /Game/Maps/UEDPIE_0_NewMap
[2015.10.24-16.28.01:945][617]LogPlayLevel: PIE: StaticDuplicateObject took: (0.778035s)
[2015.10.24-16.28.02:028][617]LogAIModule: Creating AISystem for world NewMap
[2015.10.24-16.28.02:095][617]LogPlayLevel: PIE: World Init took: (0.149070s)
[2015.10.24-16.28.02:105][617]LogPlayLevel: PIE: Created PIE world by copying editor world from /Game/Maps/NewMap.NewMap to /Game/Maps/UEDPIE_0_NewMap.NewMap (0.937762s)
[2015.10.24-16.28.02:126][617]LogActorComponent: UnregisterComponent: (/Engine/Transient.CharMoveComp) Not registered. Aborting.
[2015.10.24-16.28.02:563][617]LogInit: XAudio2 using 'Speakers (High Definition Audio Device)' : 2 channels at 48 kHz using 32 bits per sample (channel mask 0x3)
[2015.10.24-16.28.02:739][617]LogInit: FAudioDevice initialized.
[2015.10.24-16.28.03:168][617]LogWorld: Game class is 'GameMode'
[2015.10.24-16.28.03:549][617]LogWorld: Bringing World /Game/Maps/UEDPIE_0_NewMap.NewMap up for play (max tick rate 0) at 2015.10.24-19.28.03
[2015.10.24-16.28.03:549][617]LogActor:Warning: GameSession /Game/Maps/UEDPIE_0_NewMap.NewMap:PersistentLevel.GameSession_0 has natively added scene component(s), but none of them were set as the actor's RootComponent - picking one arbitrarily
[2015.10.24-16.28.03:549][617]LogActor:Warning: GameNetworkManager /Game/Maps/UEDPIE_0_NewMap.NewMap:PersistentLevel.GameNetworkManager_0 has natively added scene component(s), but none of them were set as the actor's RootComponent - picking one arbitrarily
[2015.10.24-16.28.03:757][617]LogWorld: Bringing up level for play took: 0.220108
[2015.10.24-16.28.04:161][617]PIE: Info Play in editor start time for /Game/Maps/UEDPIE_0_NewMap 2.917
[2015.10.24-16.28.23:866][361]LogParticles: Destroying 0 GPU particle simulations for FXSystem 0x000000E5C1262480
[2015.10.24-16.33.51:008][552]LogActorComponent: UnregisterComponent: (/Engine/Transient.CharMoveComp) Not registered. Aborting.
[2015.10.24-16.33.51:270][552]LogSavePackage: Save=59.710979ms
[2015.10.24-16.33.51:270][552]LogSavePackage: Moving '../../../../../../Users/Nikolai/Documents/Unreal Projects/TwinStickShooter/Saved/NewMap_Auto29FC57F12409DF254D2C9C59B8C329729.tmp' to '../../../../../../Users/Nikolai/Documents/Unreal Projects/TwinStickShooter/Saved/Autosaves/Game/Maps/NewMap_Auto2.umap'
[2015.10.24-16.33.51:272][552]LogSavePackage: Total save time: 67.782857ms
[2015.10.24-16.33.51:272][552]LogSavePackage:Warning: Finished SavePackage ../../../../../../Users/Nikolai/Documents/Unreal Projects/TwinStickShooter/Saved/Autosaves/Game/Maps/NewMap_Auto2.umap
[2015.10.24-16.33.51:276][552]LogFileHelpers: Editor autosave (incl. sublevels) for '/Game/Maps/NewMap' took 0.268
[2015.10.24-16.33.51:276][552]LogFileHelpers: Editor autosave (incl. sublevels) for all levels took 0.268
[2015.10.24-17.37.37:597][694]Cmd: DELETE
[2015.10.24-17.37.37:608][694]Cmd: ACTOR DELETE
[2015.10.24-17.37.38:390][694]LogEditorActor: Deleted Actor: HeroCharacter_C
[2015.10.24-17.37.38:485][694]LogEditorActor: Deleted 1 Actors (0.124 secs)
[2015.10.24-17.37.40:912][952]Cmd: TRANSACTION UNDO
[2015.10.24-17.37.40:939][952]LogEditorTransaction: Undo Delete Actors
[2015.10.24-17.37.42:498][ 38]Cmd: TRANSACTION UNDO
[2015.10.24-17.37.42:498][ 38]LogEditorTransaction: Undo Move Actors
[2015.10.24-17.38.18:220][790]LogActorComponent: UnregisterComponent: (/Engine/Transient.CharMoveComp) Not registered. Aborting.
[2015.10.24-17.38.18:752][790]LogSavePackage: Save=130.814194ms
[2015.10.24-17.38.18:752][790]LogSavePackage: Moving '../../../../../../Users/Nikolai/Documents/Unreal Projects/TwinStickShooter/Saved/NewMap_Auto3018736EA4FE648FDEBEF8A9A796162EA.tmp' to '../../../../../../Users/Nikolai/Documents/Unreal Projects/TwinStickShooter/Saved/Autosaves/Game/Maps/NewMap_Auto3.umap'
[2015.10.24-17.38.18:772][790]LogSavePackage: Total save time: 270.764600ms
[2015.10.24-17.38.18:772][790]LogSavePackage:Warning: Finished SavePackage ../../../../../../Users/Nikolai/Documents/Unreal Projects/TwinStickShooter/Saved/Autosaves/Game/Maps/NewMap_Auto3.umap
[2015.10.24-17.38.18:776][790]LogFileHelpers: Editor autosave (incl. sublevels) for '/Game/Maps/NewMap' took 0.557
[2015.10.24-17.38.18:792][790]LogFileHelpers: Editor autosave (incl. sublevels) for all levels took 0.557
[2015.10.24-17.42.40:958][230]LogEditorViewport: Clicking on Actor (LMB): HeroCharacter_C (HeroCharacter)
[2015.10.24-17.42.42:187][297]Cmd: DELETE
[2015.10.24-17.42.42:187][297]Cmd: ACTOR DELETE
[2015.10.24-17.42.42:188][297]LogEditorActor: Deleted Actor: HeroCharacter_C
[2015.10.24-17.42.42:228][297]LogActorComponent: UnregisterComponent: (/Engine/Transient.CharMoveComp) Not registered. Aborting.
[2015.10.24-17.42.42:288][297]LogEditorActor: Deleted 1 Actors (0.101 secs)
[2015.10.24-17.42.56:098][ 38]LogNavigationPoint: PostEditMove Clear paths rebuilt
[2015.10.24-17.42.57:504][116]LogNavigationPoint: PostEditMove Clear paths rebuilt
[2015.10.24-17.43.24:085][968]LogActor:Warning: GameNetworkManager /Engine/Transient.World_6:PersistentLevel.GameNetworkManager_1 has natively added scene component(s), but none of them were set as the actor's RootComponent - picking one arbitrarily
[2015.10.24-17.43.29:465][129]LogSlate:Warning: Prevented a slow task dialog from being summoned while a context menu was open
[2015.10.24-17.43.37:504][500]BlueprintLog: New page: Compile TwinStickMode
[2015.10.24-17.43.37:604][500]LogActorComponent: UnregisterComponent: (/Engine/Transient.CharMoveComp) Not registered. Aborting.
[2015.10.24-17.43.37:693][500]BlueprintEditorCompileResults: Info [4488.96] Compile of TwinStickMode successful! [in 189 ms]
[2015.10.24-17.43.38:228][523]Cmd: OBJ SAVEPACKAGE PACKAGE="/Game/Blueprints/TwinStickMode" FILE="../../../../../../Users/Nikolai/Documents/Unreal Projects/TwinStickShooter/Content/Blueprints/TwinStickMode.uasset" SILENT=true
[2015.10.24-17.43.38:270][523]LogSavePackage: Save=39.621185ms
[2015.10.24-17.43.38:270][523]LogSavePackage: Moving '../../../../../../Users/Nikolai/Documents/Unreal Projects/TwinStickShooter/Saved/TwinStickMode6FE877754021FFCC5F11929AC32D2A21.tmp' to '../../../../../../Users/Nikolai/Documents/Unreal Projects/TwinStickShooter/Content/Blueprints/TwinStickMode.uasset'
[2015.10.24-17.43.38:276][523]LogSavePackage: Total save time: 45.242798ms
[2015.10.24-17.43.38:276][523]LogSavePackage:Warning: Finished SavePackage ../../../../../../Users/Nikolai/Documents/Unreal Projects/TwinStickShooter/Content/Blueprints/TwinStickMode.uasset
[2015.10.24-17.44.48:947][742]LogSlate:Warning: Prevented a slow task dialog from being summoned while a context menu was open
[2015.10.24-17.45.16:079][746]LogPlayLevel: PlayLevel: No blueprints needed recompiling
[2015.10.24-17.45.16:079][746]PIE: New page: PIE session: NewMap (Oct 24, 2015, 11:45:16 PM)
[2015.10.24-17.45.16:080][746]LogPlayLevel: Creating play world package: /Game/Maps/UEDPIE_0_NewMap
[2015.10.24-17.45.16:085][746]LogPlayLevel: PIE: StaticDuplicateObject took: (0.005404s)
[2015.10.24-17.45.16:239][746]LogAIModule: Creating AISystem for world NewMap
[2015.10.24-17.45.16:239][746]LogPlayLevel: PIE: World Init took: (0.154037s)
[2015.10.24-17.45.16:239][746]LogPlayLevel: PIE: Created PIE world by copying editor world from /Game/Maps/NewMap.NewMap to /Game/Maps/UEDPIE_0_NewMap.NewMap (0.159841s)
[2015.10.24-17.45.16:239][746]LogActorComponent: UnregisterComponent: (/Engine/Transient.CharMoveComp) Not registered. Aborting.
[2015.10.24-17.45.16:297][746]LogInit: XAudio2 using 'Speakers (High Definition Audio Device)' : 2 channels at 48 kHz using 32 bits per sample (channel mask 0x3)
[2015.10.24-17.45.16:317][746]LogInit: FAudioDevice initialized.
[2015.10.24-17.45.16:406][746]LogWorld: Game class is 'TwinStickMode_C'
[2015.10.24-17.45.16:410][746]LogWorld: Bringing World /Game/Maps/UEDPIE_0_NewMap.NewMap up for play (max tick rate 0) at 2015.10.24-20.45.16
[2015.10.24-17.45.16:410][746]LogActor:Warning: GameSession /Game/Maps/UEDPIE_0_NewMap.NewMap:PersistentLevel.GameSession_1 has natively added scene component(s), but none of them were set as the actor's RootComponent - picking one arbitrarily
[2015.10.24-17.45.16:411][746]LogActor:Warning: GameNetworkManager /Game/Maps/UEDPIE_0_NewMap.NewMap:PersistentLevel.GameNetworkManager_2 has natively added scene component(s), but none of them were set as the actor's RootComponent - picking one arbitrarily
[2015.10.24-17.45.16:411][746]LogWorld: Bringing up level for play took: 0.003892
[2015.10.24-17.45.16:546][746]PIE: Info Play in editor start time for /Game/Maps/UEDPIE_0_NewMap 1.319
[2015.10.24-17.45.20:563][991]LogParticles: Destroying 0 GPU particle simulations for FXSystem 0x000000E5C237D1C0
[2015.10.24-17.48.25:009][606]LogSavePackage: Save=135.792267ms
[2015.10.24-17.48.25:009][606]LogSavePackage: Moving '../../../../../../Users/Nikolai/Documents/Unreal Projects/TwinStickShooter/Saved/NewMap_Auto4369CD82C46C7AA6A093A8AAEAA5DCF60.tmp' to '../../../../../../Users/Nikolai/Documents/Unreal Projects/TwinStickShooter/Saved/Autosaves/Game/Maps/NewMap_Auto4.umap'
[2015.10.24-17.48.25:012][606]LogSavePackage: Total save time: 151.785865ms
[2015.10.24-17.48.25:012][606]LogSavePackage:Warning: Finished SavePackage ../../../../../../Users/Nikolai/Documents/Unreal Projects/TwinStickShooter/Saved/Autosaves/Game/Maps/NewMap_Auto4.umap
[2015.10.24-17.48.25:045][606]LogFileHelpers: Editor autosave (incl. sublevels) for '/Game/Maps/NewMap' took 0.299
[2015.10.24-17.48.25:046][606]LogFileHelpers: Editor autosave (incl. sublevels) for all levels took 0.299
[2015.10.24-17.56.32:549][286]Cmd: OBJ SAVEPACKAGE PACKAGE="/Game/Maps/NewMap" FILE="../../../../../../Users/Nikolai/Documents/Unreal Projects/TwinStickShooter/Content/Maps/NewMap.umap" SILENT=true AUTOSAVING=false KEEPDIRTY=false
[2015.10.24-17.56.32:706][286]LogSavePackage: Save=31.092403ms
[2015.10.24-17.56.32:706][286]LogSavePackage: Moving '../../../../../../Users/Nikolai/Documents/Unreal Projects/TwinStickShooter/Saved/NewMapA3E69AE6493B1FEE725DD3A14ED654F9.tmp' to '../../../../../../Users/Nikolai/Documents/Unreal Projects/TwinStickShooter/Content/Maps/NewMap.umap'
[2015.10.24-17.56.32:711][286]LogSavePackage: Total save time: 42.865902ms
[2015.10.24-17.56.32:711][286]LogSavePackage:Warning: Finished SavePackage ../../../../../../Users/Nikolai/Documents/Unreal Projects/TwinStickShooter/Content/Maps/NewMap.umap
[2015.10.24-17.56.33:944][380]LogParticles: Destroying 0 GPU particle simulations for FXSystem 0x000000E5B39FDD00
[2015.10.24-17.56.33:947][380]LogParticles: Destroying 0 GPU particle simulations for FXSystem 0x000000E5C1B55620
[2015.10.24-17.56.34:312][380]LogWindowsTextInputMethodSystem:Display: IME system now deactivated.
[2015.10.24-17.56.36:733][381]Cmd: QUIT_EDITOR
[2015.10.24-17.56.39:848][381]LogExit: Preparing to exit.
[2015.10.24-17.56.49:808][381]LogExit: Editor shut down
[2015.10.24-17.56.49:964][381]LogExit: Transaction tracking system shut down
[2015.10.24-17.56.50:231][381]LogParticles: Destroying 0 GPU particle simulations for FXSystem 0x000000E5B75B1BC0
[2015.10.24-17.56.50:334][381]LogParticles: Destroying 0 GPU particle simulations for FXSystem 0x000000E5B89D3D80
[2015.10.24-17.56.50:334][381]LogParticles: Destroying 0 GPU particle simulations for FXSystem 0x000000E5B8A39BC0
[2015.10.24-17.56.53:161][381]LogParticles: Destroying 0 GPU particle simulations for FXSystem 0x000000E5B779AC00
[2015.10.24-17.56.53:173][381]LogParticles: Destroying 0 GPU particle simulations for FXSystem 0x000000E5B3BC3A60
[2015.10.24-17.56.53:176][381]LogParticles: Destroying 0 GPU particle simulations for FXSystem 0x000000E5A45920C0
[2015.10.24-17.57.19:813][381]LogExit: Object subsystem successfully closed.
[2015.10.24-17.57.23:884][381]LogD3D11RHI: Shutdown
[2015.10.24-17.57.23:904][381]LogD3D11RHI: CleanupD3DDevice
[2015.10.24-17.57.28:951][381]LogD3D11RHI: ~FD3D11DynamicRHI
[2015.10.24-17.57.33:521][381]LogModuleManager: Shutting down and abandoning module ExternalImagePicker (200)
[2015.10.24-17.57.33:521][381]LogModuleManager: Shutting down and abandoning module BlueprintGraph (199)
[2015.10.24-17.57.33:521][381]LogModuleManager: Shutting down and abandoning module CrashTracker (198)
[2015.10.24-17.57.33:570][381]LogModuleManager: Shutting down and abandoning module SceneOutliner (197)
[2015.10.24-17.57.33:570][381]LogModuleManager: Shutting down and abandoning module SuperSearch (196)
[2015.10.24-17.57.33:623][381]LogModuleManager: Shutting down and abandoning module WidgetCarousel (195)
[2015.10.24-17.57.33:636][381]LogModuleManager: Shutting down and abandoning module AddContentDialog (194)
[2015.10.24-17.57.35:223][381]LogModuleManager: Shutting down and abandoning module EditorWidgets (193)
[2015.10.24-17.57.35:223][381]LogModuleManager: Shutting down and abandoning module CollectionManager (192)
[2015.10.24-17.57.35:306][381]LogModuleManager: Shutting down and abandoning module StatsViewer (191)
[2015.10.24-17.57.35:346][381]LogModuleManager: Shutting down and abandoning module FoliageEdit (190)
[2015.10.24-17.57.35:372][381]LogModuleManager: Shutting down and abandoning module LandscapeEditor (189)
[2015.10.24-17.57.35:477][381]LogModuleManager: Shutting down and abandoning module ActorPickerMode (188)
[2015.10.24-17.57.35:477][381]LogModuleManager: Shutting down and abandoning module GeometryMode (187)
[2015.10.24-17.57.35:478][381]LogModuleManager: Shutting down and abandoning module TextureAlignMode (186)
[2015.10.24-17.57.35:478][381]LogModuleManager: Shutting down and abandoning module BspMode (185)
[2015.10.24-17.57.35:478][381]LogModuleManager: Shutting down and abandoning module PlacementMode (184)
[2015.10.24-17.57.35:478][381]LogModuleManager: Shutting down and abandoning module AutomationWorker (183)
[2015.10.24-17.57.35:505][381]LogModuleManager: Shutting down and abandoning module CharacterAI (182)
[2015.10.24-17.57.35:505][381]LogModuleManager: Shutting down and abandoning module SmartSnapping (181)
[2015.10.24-17.57.35:524][381]LogModuleManager: Shutting down and abandoning module ViewportSnapping (180)
[2015.10.24-17.57.35:548][381]LogModuleManager: Shutting down and abandoning module LogVisualizer (179)
[2015.10.24-17.57.35:860][381]LogModuleManager: Shutting down and abandoning module GameProjectGeneration (178)
[2015.10.24-17.57.35:900][381]LogModuleManager: Shutting down and abandoning module IntroTutorials (177)
[2015.10.24-17.57.35:976][381]LogModuleManager: Shutting down and abandoning module EditorLiveStreaming (176)
[2015.10.24-17.57.36:005][381]LogModuleManager: Shutting down and abandoning module IOSPlatformEditor (175)
[2015.10.24-17.57.36:066][381]LogModuleManager: Shutting down and abandoning module HTML5PlatformEditor (174)
[2015.10.24-17.57.36:066][381]LogModuleManager: Shutting down and abandoning module AndroidDeviceDetection (173)
[2015.10.24-17.57.36:469][381]LogModuleManager: Shutting down and abandoning module AndroidPlatformEditor (172)
[2015.10.24-17.57.36:469][381]LogModuleManager: Shutting down and abandoning module IOSRuntimeSettings (171)
[2015.10.24-17.57.36:469][381]LogModuleManager: Shutting down and abandoning module AndroidRuntimeSettings (170)
[2015.10.24-17.57.36:469][381]LogModuleManager: Shutting down and abandoning module MergeActors (169)
[2015.10.24-17.57.36:494][381]LogModuleManager: Shutting down and abandoning module SizeMap (168)
[2015.10.24-17.57.36:505][381]LogModuleManager: Shutting down and abandoning module TreeMap (167)
[2015.10.24-17.57.36:563][381]LogModuleManager: Shutting down and abandoning module ReferenceViewer (166)
[2015.10.24-17.57.36:572][381]LogModuleManager: Shutting down and abandoning module LocalizationService (165)
[2015.10.24-17.57.36:583][381]LogModuleManager: Shutting down and abandoning module LocalizationDashboard (164)
[2015.10.24-17.57.36:716][381]LogModuleManager: Shutting down and abandoning module HardwareTargeting (163)
[2015.10.24-17.57.36:716][381]LogModuleManager: Shutting down and abandoning module DeviceProfileEditor (162)
[2015.10.24-17.57.36:822][381]LogModuleManager: Shutting down and abandoning module UndoHistory (161)
[2015.10.24-17.57.36:857][381]LogModuleManager: Shutting down and abandoning module GameplayTagsEditor (160)
[2015.10.24-17.57.36:872][381]LogModuleManager: Shutting down and abandoning module UserFeedback (159)
[2015.10.24-17.57.36:872][381]LogModuleManager: Shutting down and abandoning module XmlParser (158)
[2015.10.24-17.57.36:943][381]LogModuleManager: Shutting down and abandoning module Blutility (157)
[2015.10.24-17.57.36:943][381]LogModuleManager: Shutting down and abandoning module ProjectTargetPlatformEditor (156)
[2015.10.24-17.57.37:149][381]LogModuleManager: Shutting down and abandoning module ProjectSettingsViewer (155)
[2015.10.24-17.57.37:149][381]LogModuleManager: Shutting down and abandoning module InputBindingEditor (154)
[2015.10.24-17.57.37:374][381]LogModuleManager: Shutting down and abandoning module EditorSettingsViewer (153)
[2015.10.24-17.57.37:442][381]LogModuleManager: Shutting down and abandoning module SettingsEditor (152)
[2015.10.24-17.57.37:481][381]LogModuleManager: Shutting down and abandoning module ProjectLauncher (151)
[2015.10.24-17.57.37:556][381]LogModuleManager: Shutting down and abandoning module SessionFrontend (150)
[2015.10.24-17.57.37:706][381]LogModuleManager: Shutting down and abandoning module ProfilerClient (149)
[2015.10.24-17.57.37:764][381]LogModuleManager: Shutting down and abandoning module TargetDeviceServices (148)
[2015.10.24-17.57.37:789][381]LogModuleManager: Shutting down and abandoning module DeviceManager (147)
[2015.10.24-17.57.39:537][381]LogModuleManager: Shutting down and abandoning module AutomationController (146)
[2015.10.24-17.57.39:554][381]LogModuleManager: Shutting down and abandoning module AutomationWindow (145)
[2015.10.24-17.57.39:591][381]LogModuleManager: Shutting down and abandoning module Layers (144)
[2015.10.24-17.57.39:675][381]LogModuleManager: Shutting down and abandoning module ComponentVisualizers (143)
[2015.10.24-17.57.39:675][381]LogModuleManager: Shutting down and abandoning module DetailCustomizations (142)
[2015.10.24-17.57.39:710][381]LogModuleManager: Shutting down and abandoning module PackagesDialog (141)
[2015.10.24-17.57.39:737][381]LogModuleManager: Shutting down and abandoning module Persona (140)
[2015.10.24-17.57.39:806][381]LogModuleManager: Shutting down and abandoning module Kismet (139)
[2015.10.24-17.57.39:820][381]LogModuleManager: Shutting down and abandoning module GraphEditor (138)
[2015.10.24-17.57.39:839][381]LogModuleManager: Shutting down and abandoning module ClassViewer (137)
[2015.10.24-17.57.39:886][381]LogModuleManager: Shutting down and abandoning module Toolbox (136)
[2015.10.24-17.57.39:886][381]LogModuleManager: Shutting down and abandoning module ModuleUI (135)
[2015.10.24-17.57.39:907][381]LogModuleManager: Shutting down and abandoning module MovieSceneTools (134)
[2015.10.24-17.57.39:949][381]LogModuleManager: Shutting down and abandoning module OutputLog (133)
[2015.10.24-17.57.39:962][381]LogModuleManager: Shutting down and abandoning module GammaUI (132)
[2015.10.24-17.57.39:984][381]LogModuleManager: Shutting down and abandoning module Documentation (131)
[2015.10.24-17.57.40:007][381]LogModuleManager: Shutting down and abandoning module GameLiveStreaming (130)
[2015.10.24-17.57.40:016][381]LogModuleManager: Shutting down and abandoning module StreamingPauseRendering (129)
[2015.10.24-17.57.40:049][381]LogModuleManager: Shutting down and abandoning module AnalyticsET (128)
[2015.10.24-17.57.40:049][381]LogModuleManager: Shutting down and abandoning module Analytics (127)
[2015.10.24-17.57.40:057][381]LogModuleManager: Shutting down and abandoning module AITestSuite (126)
[2015.10.24-17.57.40:067][381]LogModuleManager: Shutting down and abandoning module GameplayDebugger (125)
[2015.10.24-17.57.40:067][381]LogModuleManager: Shutting down and abandoning module AIModule (124)
[2015.10.24-17.57.40:067][381]LogModuleManager: Shutting down and abandoning module ProfilerService (123)
[2015.10.24-17.57.40:243][381]LogModuleManager: Shutting down and abandoning module TaskGraph (122)
[2015.10.24-17.57.40:309][381]LogModuleManager: Shutting down and abandoning module SlateRemote (121)
[2015.10.24-17.57.40:338][381]LogModuleManager: Shutting down and abandoning module SteamVRController (120)
[2015.10.24-17.57.40:338][381]LogModuleManager: Shutting down and abandoning module SteamVR (119)
[2015.10.24-17.57.40:338][381]LogModuleManager: Shutting down and abandoning module ProceduralMeshComponent (118)
[2015.10.24-17.57.40:338][381]LogModuleManager: Shutting down and abandoning module OculusRift (117)
[2015.10.24-17.57.40:426][381]LogModuleManager: Shutting down and abandoning module OculusLibrary (116)
[2015.10.24-17.57.40:426][381]LogModuleManager: Shutting down and abandoning module LeapMotionController (115)
[2015.10.24-17.57.41:152][381]LogModuleManager: Shutting down and abandoning module CustomMeshComponent (114)
[2015.10.24-17.57.41:152][381]LogModuleManager: Shutting down and abandoning module CableComponent (113)
[2015.10.24-17.57.41:152][381]LogModuleManager: Shutting down and abandoning module ArchVisCharacter (112)
[2015.10.24-17.57.41:152][381]LogModuleManager: Shutting down and abandoning module MessagingDebugger (111)
[2015.10.24-17.57.41:327][381]LogModuleManager: Shutting down and abandoning module MediaPlayerEditor (110)
[2015.10.24-17.57.41:344][381]LogModuleManager: Shutting down and abandoning module HTML5Networking (109)
[2015.10.24-17.57.41:344][381]LogModuleManager: Shutting down and abandoning module SpeedTreeImporter (108)
[2015.10.24-17.57.41:344][381]LogModuleManager: Shutting down and abandoning module PluginBrowser (107)
[2015.10.24-17.57.41:388][381]LogModuleManager: Shutting down and abandoning module EpicSurvey (106)
[2015.10.24-17.57.41:415][381]LogModuleManager: Shutting down and abandoning module DesktopPlatform (105)
[2015.10.24-17.57.41:453][381]LogModuleManager: Shutting down and abandoning module VisualStudioSourceCodeAccess (104)
[2015.10.24-17.57.41:511][381]LogModuleManager: Shutting down and abandoning module UObjectPlugin (103)
[2015.10.24-17.57.41:511][381]LogModuleManager: Shutting down and abandoning module SubversionSourceControl (102)
[2015.10.24-17.57.41:602][381]LogModuleManager: Shutting down and abandoning module PerforceSourceControl (101)
[2015.10.24-17.57.41:911][381]LogModuleManager: Shutting down and abandoning module SourceControl (100)
[2015.10.24-17.57.41:941][381]LogModuleManager: Shutting down and abandoning module GitSourceControl (99)
[2015.10.24-17.57.41:989][381]LogModuleManager: Shutting down and abandoning module LightPropagationVolumeEditor (98)
[2015.10.24-17.57.42:006][381]LogModuleManager: Shutting down and abandoning module PaperTiledImporter (97)
[2015.10.24-17.57.42:021][381]LogModuleManager: Shutting down and abandoning module PaperSpriteSheetImporter (96)
[2015.10.24-17.57.42:031][381]LogModuleManager: Shutting down and abandoning module MeshPaint (95)
[2015.10.24-17.57.42:057][381]LogModuleManager: Shutting down and abandoning module SlateReflector (94)
[2015.10.24-17.57.42:075][381]LogModuleManager: Shutting down and abandoning module HotReload (93)
[2015.10.24-17.57.42:090][381]LogModuleManager: Shutting down and abandoning module MainFrame (92)
[2015.10.24-17.57.42:090][381]LogModuleManager: Shutting down and abandoning module LevelEditor (91)
[2015.10.24-17.57.42:676][381]LogModuleManager: Shutting down and abandoning module DirectoryWatcher (90)
[2015.10.24-17.57.42:744][381]LogModuleManager: Shutting down and abandoning module AssetRegistry (89)
[2015.10.24-17.57.50:183][381]LogModuleManager: Shutting down and abandoning module ContentBrowser (88)
[2015.10.24-17.57.50:845][381]LogModuleManager: Shutting down and abandoning module Paper2DEditor (87)
[2015.10.24-17.57.50:989][381]LogModuleManager: Shutting down and abandoning module TwinStickShooter (86)
[2015.10.24-17.57.50:989][381]LogModuleManager: Shutting down and abandoning module UdpMessaging (85)
[2015.10.24-17.57.51:131][381]LogModuleManager: Shutting down and abandoning module LightPropagationVolumeRuntime (84)
[2015.10.24-17.57.51:131][381]LogModuleManager: Shutting down and abandoning module Paper2D (83)
[2015.10.24-17.57.51:181][381]LogModuleManager: Shutting down and abandoning module WindowsMoviePlayer (82)
[2015.10.24-17.57.52:328][381]LogModuleManager: Shutting down and abandoning module Media (81)
[2015.10.24-17.57.52:421][381]LogModuleManager: Shutting down and abandoning module WmfMedia (80)
[2015.10.24-17.57.52:649][381]LogModuleManager: Shutting down and abandoning module OnlineBlueprintSupport (79)
[2015.10.24-17.57.52:649][381]LogModuleManager: Shutting down and abandoning module GameplayTasksEditor (78)
[2015.10.24-17.57.52:649][381]LogModuleManager: Shutting down and abandoning module PropertyEditor (77)
[2015.10.24-17.57.52:948][381]LogModuleManager: Shutting down and abandoning module BehaviorTreeEditor (76)
[2015.10.24-17.57.52:973][381]LogModuleManager: Shutting down and abandoning module FunctionalTesting (75)
[2015.10.24-17.57.52:973][381]LogModuleManager: Shutting down and abandoning module CollisionAnalyzer (74)
[2015.10.24-17.57.53:082][381]LogModuleManager: Shutting down and abandoning module WorkspaceMenuStructure (73)
[2015.10.24-17.57.53:263][381]LogModuleManager: Shutting down and abandoning module MessageLog (72)
[2015.10.24-17.57.53:263][381]LogModuleManager: Shutting down and abandoning module Sequencer (71)
[2015.10.24-17.57.53:420][381]LogModuleManager: Shutting down and abandoning module AssetTools (70)
[2015.10.24-17.57.53:495][381]LogModuleManager: Shutting down and abandoning module UMGEditor (69)
[2015.10.24-17.57.53:522][381]LogModuleManager: Shutting down and abandoning module UMG (68)
[2015.10.24-17.57.53:687][381]LogModuleManager: Shutting down and abandoning module Slate (67)
[2015.10.24-17.57.53:687][381]LogModuleManager: Shutting down and abandoning module EditorStyle (66)
[2015.10.24-17.57.54:493][381]LogModuleManager: Shutting down and abandoning module SessionServices (65)
[2015.10.24-17.57.54:493][381]LogModuleManager: Shutting down and abandoning module SourceCodeAccess (64)
[2015.10.24-17.57.54:526][381]LogModuleManager: Shutting down and abandoning module HeadMountedDisplay (63)
[2015.10.24-17.57.54:526][381]LogModuleManager: Shutting down and abandoning module XAudio2 (62)
[2015.10.24-17.57.54:526][381]LogModuleManager: Shutting down and abandoning module Networking (60)
[2015.10.24-17.57.54:568][381]LogModuleManager: Shutting down and abandoning module Core (59)
[2015.10.24-17.57.54:568][381]LogModuleManager: Shutting down and abandoning module KismetCompiler (58)
[2015.10.24-17.57.54:568][381]LogModuleManager: Shutting down and abandoning module PhysXFormats (57)
[2015.10.24-17.57.54:632][381]LogModuleManager: Shutting down and abandoning module MeshUtilities (56)
[2015.10.24-17.57.54:703][381]LogModuleManager: Shutting down and abandoning module CookingStats (55)
[2015.10.24-17.57.55:181][381]LogModuleManager: Shutting down and abandoning module DerivedDataCache (54)
[2015.10.24-17.57.55:386][381]LogDerivedDataCache: Shutdown
[2015.10.24-17.57.55:386][381]LogModuleManager: Shutting down and abandoning module ShaderFormatOpenGL (53)
[2015.10.24-17.57.55:452][381]LogModuleManager: Shutting down and abandoning module ShaderFormatD3D (52)
[2015.10.24-17.57.55:480][381]LogModuleManager: Shutting down and abandoning module MetalShaderFormat (51)
[2015.10.24-17.57.55:514][381]LogModuleManager: Shutting down and abandoning module TextureFormatUncompressed (50)
[2015.10.24-17.57.55:547][381]LogModuleManager: Shutting down and abandoning module TextureFormatPVR (49)
[2015.10.24-17.57.55:587][381]LogModuleManager: Shutting down and abandoning module TextureFormatIntelISPCTexComp (48)
[2015.10.24-17.57.55:671][381]LogModuleManager: Shutting down and abandoning module TextureFormatDXT (47)
[2015.10.24-17.57.55:702][381]LogModuleManager: Shutting down and abandoning module ImageWrapper (46)
[2015.10.24-17.57.55:702][381]LogModuleManager: Shutting down and abandoning module TextureFormatASTC (45)
[2015.10.24-17.57.55:717][381]LogModuleManager: Shutting down and abandoning module TextureFormatAndroid (44)
[2015.10.24-17.57.55:758][381]LogModuleManager: Shutting down and abandoning module AudioFormatOpus (43)
[2015.10.24-17.57.55:794][381]LogModuleManager: Shutting down and abandoning module AudioFormatOgg (42)
[2015.10.24-17.57.55:812][381]LogModuleManager: Shutting down and abandoning module AudioFormatADPCM (41)
[2015.10.24-17.57.55:812][381]LogModuleManager: Shutting down and abandoning module LinuxTargetPlatform (40)
[2015.10.24-17.57.55:868][381]LogModuleManager: Shutting down and abandoning module LinuxServerTargetPlatform (39)
[2015.10.24-17.57.55:869][381]LogModuleManager: Shutting down and abandoning module LinuxNoEditorTargetPlatform (38)
[2015.10.24-17.57.55:886][381]LogModuleManager: Shutting down and abandoning module Messaging (37)
[2015.10.24-17.57.55:886][381]LogModuleManager: Shutting down and abandoning module IOSTargetPlatform (36)
[2015.10.24-17.57.55:986][381]LogModuleManager: Shutting down and abandoning module HTML5TargetPlatform (35)
[2015.10.24-17.57.56:144][381]LogModuleManager: Shutting down and abandoning module Android_PVRTCTargetPlatform (34)
[2015.10.24-17.57.56:275][381]LogModuleManager: Shutting down and abandoning module Android_ETC2TargetPlatform (33)
[2015.10.24-17.57.56:330][381]LogModuleManager: Shutting down and abandoning module Android_ETC1TargetPlatform (32)
[2015.10.24-17.57.56:367][381]LogModuleManager: Shutting down and abandoning module Android_DXTTargetPlatform (31)
[2015.10.24-17.57.56:403][381]LogModuleManager: Shutting down and abandoning module Android_ATCTargetPlatform (30)
[2015.10.24-17.57.56:404][381]LogModuleManager: Shutting down and abandoning module Android_ASTCTargetPlatform (29)
[2015.10.24-17.57.56:408][381]LogModuleManager: Shutting down and abandoning module AndroidTargetPlatform (28)
[2015.10.24-17.57.56:411][381]LogModuleManager: Shutting down and abandoning module WindowsTargetPlatform (27)
[2015.10.24-17.57.56:442][381]LogModuleManager: Shutting down and abandoning module WindowsServerTargetPlatform (26)
[2015.10.24-17.57.56:476][381]LogModuleManager: Shutting down and abandoning module WindowsNoEditorTargetPlatform (25)
[2015.10.24-17.57.56:477][381]LogModuleManager: Shutting down and abandoning module WindowsClientTargetPlatform (24)
[2015.10.24-17.57.56:482][381]LogModuleManager: Shutting down and abandoning module AllDesktopTargetPlatform (23)
[2015.10.24-17.57.56:482][381]LogModuleManager: Shutting down and abandoning module TargetPlatform (22)
[2015.10.24-17.57.56:537][381]LogModuleManager: Shutting down and abandoning module InputCore (21)
[2015.10.24-17.57.56:537][381]LogModuleManager: Shutting down and abandoning module Settings (20)
[2015.10.24-17.57.56:562][381]LogModuleManager: Shutting down and abandoning module OnlineSubsystem (18)
[2015.10.24-17.57.56:562][381]LogModuleManager: Shutting down and abandoning module HTTP (17)
[2015.10.24-17.57.58:611][381]LogModuleManager: Shutting down and abandoning module XMPP (16)
[2015.10.24-17.57.58:753][381]LogModuleManager: Shutting down and abandoning module ExampleDeviceProfileSelector (15)
[2015.10.24-17.57.58:762][381]LogModuleManager: Shutting down and abandoning module TextureCompressor (14)
[2015.10.24-17.57.58:858][381]LogModuleManager: Shutting down and abandoning module ShaderCore (13)
[2015.10.24-17.57.58:859][381]LogModuleManager: Shutting down and abandoning module Landscape (12)
[2015.10.24-17.57.58:859][381]LogModuleManager: Shutting down and abandoning module SlateRHIRenderer (11)
[2015.10.24-17.57.59:545][381]LogModuleManager: Shutting down and abandoning module OpenGLDrv (10)
[2015.10.24-17.57.59:560][381]LogModuleManager: Shutting down and abandoning module D3D11RHI (9)
[2015.10.24-17.57.59:560][381]LogModuleManager: Shutting down and abandoning module AnimGraphRuntime (8)
[2015.10.24-17.57.59:560][381]LogModuleManager: Shutting down and abandoning module Renderer (7)
[2015.10.24-17.57.59:560][381]LogModuleManager: Shutting down and abandoning module Engine (6)
[2015.10.24-17.57.59:560][381]LogModuleManager: Shutting down and abandoning module CoreUObject (5)
[2015.10.24-17.57.59:560][381]LogModuleManager: Shutting down and abandoning module NetworkFile (4)
[2015.10.24-17.57.59:596][381]LogModuleManager: Shutting down and abandoning module StreamingFile (3)
[2015.10.24-17.57.59:645][381]LogModuleManager: Shutting down and abandoning module SandboxFile (2)
[2015.10.24-17.57.59:702][381]LogModuleManager: Shutting down and abandoning module PakFile (1)
[2015.10.24-17.57.59:964][381]LogExit: Exiting.
[2015.10.24-17.58.00:611][381]Log file closed, 10/24/15 20:58:00
